C:\Users\sergi\AppData\Local\Programs\Python\Python313\Lib\site-packages\pgmpy\estimators\__init__.py:4: FutureWarning: `pgmpy.estimators.StructureScore` is deprecated and will be removed in a future release. Use `pgmpy.structure_score` instead.
  from .StructureScore import (
Cargados 0 runs previos; pendientes...
Total plan: 120 runs (120 pendientes)
Optimizador: UMDA
Modo de Fitness: REGRET
Reglas totales para evaluar precisiµn: 20
Reglas usadas para entrenar (Fitness): 4
Iniciando optimizaciµn...
IT:  0 	Best cost:  0.0
IT:  1 	Best cost:  0.0
IT:  2 	Best cost:  0.0
IT:  3 	Best cost:  0.0
IT:  4 	Best cost:  0.0
IT:  5 	Best cost:  0.0
IT:  6 	Best cost:  0.0
IT:  7 	Best cost:  0.0
IT:  8 	Best cost:  0.0

ÀPARADA ANTICIPADA! El Top 50% (>=25 individuos) alcanzµ un Score <= 0.0000
[1/120] bypass2/umda/mmu=True rep=0: acc=85% gen=11  (0.0min / ETA 0.9min)
Optimizador: UMDA
Modo de Fitness: REGRET
Reglas totales para evaluar precisiµn: 20
Reglas usadas para entrenar (Fitness): 4
Iniciando optimizaciµn...
IT:  0 	Best cost:  0.0
IT:  1 	Best cost:  0.0
IT:  2 	Best cost:  0.0
IT:  3 	Best cost:  0.0
IT:  4 	Best cost:  0.0
IT:  5 	Best cost:  0.0
IT:  6 	Best cost:  0.0
IT:  7 	Best cost:  0.0
IT:  8 	Best cost:  0.0
IT:  9 	Best cost:  0.0
IT:  10 	Best cost:  0.0
IT:  11 	Best cost:  0.0
IT:  12 	Best cost:  0.0
IT:  13 	Best cost:  0.0

ÀPARADA ANTICIPADA! El Top 50% (>=25 individuos) alcanzµ un Score <= 0.0000
[2/120] bypass2/umda/mmu=True rep=1: acc=95% gen=16  (0.0min / ETA 1.2min)
Optimizador: UMDA
Modo de Fitness: REGRET
Reglas totales para evaluar precisiµn: 20
Reglas usadas para entrenar (Fitness): 4
Iniciando optimizaciµn...
IT:  0 	Best cost:  0.0
IT:  1 	Best cost:  0.0
IT:  2 	Best cost:  0.0
IT:  3 	Best cost:  0.0
IT:  4 	Best cost:  0.0
IT:  5 	Best cost:  0.0
IT:  6 	Best cost:  0.0
IT:  7 	Best cost:  0.0
IT:  8 	Best cost:  0.0

ÀPARADA ANTICIPADA! El Top 50% (>=25 individuos) alcanzµ un Score <= 0.0000
[3/120] bypass2/umda/mmu=True rep=2: acc=90% gen=11  (0.0min / ETA 1.1min)
Optimizador: UMDA
Modo de Fitness: REGRET
Reglas totales para evaluar precisiµn: 20
Reglas usadas para entrenar (Fitness): 4
Iniciando optimizaciµn...
IT:  0 	Best cost:  0.0
IT:  1 	Best cost:  0.0
IT:  2 	Best cost:  0.0
IT:  3 	Best cost:  0.0
IT:  4 	Best cost:  0.0
IT:  5 	Best cost:  0.0
IT:  6 	Best cost:  0.0
IT:  7 	Best cost:  0.0
IT:  8 	Best cost:  0.0

ÀPARADA ANTICIPADA! El Top 50% (>=25 individuos) alcanzµ un Score <= 0.0000
[4/120] bypass2/umda/mmu=True rep=3: acc=75% gen=11  (0.0min / ETA 1.0min)
Optimizador: UMDA
Modo de Fitness: REGRET
Reglas totales para evaluar precisiµn: 20
Reglas usadas para entrenar (Fitness): 4
Iniciando optimizaciµn...
IT:  0 	Best cost:  0.0
IT:  1 	Best cost:  0.0
IT:  2 	Best cost:  0.0
IT:  3 	Best cost:  0.0
IT:  4 	Best cost:  0.0
IT:  5 	Best cost:  0.0
IT:  6 	Best cost:  0.0
IT:  7 	Best cost:  0.0
IT:  8 	Best cost:  0.0
IT:  9 	Best cost:  0.0
IT:  10 	Best cost:  0.0
IT:  11 	Best cost:  0.0

ÀPARADA ANTICIPADA! El Top 50% (>=25 individuos) alcanzµ un Score <= 0.0000
[5/120] bypass2/umda/mmu=True rep=4: acc=85% gen=14  (0.0min / ETA 1.0min)
Optimizador: UMDA
Modo de Fitness: REGRET
Reglas totales para evaluar precisiµn: 20
Reglas usadas para entrenar (Fitness): 4
Iniciando optimizaciµn...
IT:  0 	Best cost:  0.0
IT:  1 	Best cost:  0.0
IT:  2 	Best cost:  0.0
IT:  3 	Best cost:  0.0
IT:  4 	Best cost:  0.0
IT:  5 	Best cost:  0.0
IT:  6 	Best cost:  0.0
IT:  7 	Best cost:  0.0
IT:  8 	Best cost:  0.0
IT:  9 	Best cost:  0.0

ÀPARADA ANTICIPADA! El Top 50% (>=25 individuos) alcanzµ un Score <= 0.0000
[6/120] bypass2/umda/mmu=True rep=5: acc=85% gen=12  (0.1min / ETA 1.0min)
Optimizador: UMDA
Modo de Fitness: REGRET
Reglas totales para evaluar precisiµn: 20
Reglas usadas para entrenar (Fitness): 4
Iniciando optimizaciµn...
IT:  0 	Best cost:  0.0
IT:  1 	Best cost:  0.0
IT:  2 	Best cost:  0.0
IT:  3 	Best cost:  0.0
IT:  4 	Best cost:  0.0
IT:  5 	Best cost:  0.0
IT:  6 	Best cost:  0.0
IT:  7 	Best cost:  0.0
IT:  8 	Best cost:  0.0
IT:  9 	Best cost:  0.0
IT:  10 	Best cost:  0.0
IT:  11 	Best cost:  0.0
IT:  12 	Best cost:  0.0

ÀPARADA ANTICIPADA! El Top 50% (>=25 individuos) alcanzµ un Score <= 0.0000
[7/120] bypass2/umda/mmu=True rep=6: acc=95% gen=15  (0.1min / ETA 1.0min)
Optimizador: UMDA
Modo de Fitness: REGRET
Reglas totales para evaluar precisiµn: 20
Reglas usadas para entrenar (Fitness): 4
Iniciando optimizaciµn...
IT:  0 	Best cost:  0.0
IT:  1 	Best cost:  0.0
IT:  2 	Best cost:  0.0
IT:  3 	Best cost:  0.0
IT:  4 	Best cost:  0.0
IT:  5 	Best cost:  0.0
IT:  6 	Best cost:  0.0
IT:  7 	Best cost:  0.0
IT:  8 	Best cost:  0.0
IT:  9 	Best cost:  0.0
IT:  10 	Best cost:  0.0

ÀPARADA ANTICIPADA! El Top 50% (>=25 individuos) alcanzµ un Score <= 0.0000
[8/120] bypass2/umda/mmu=True rep=7: acc=95% gen=13  (0.1min / ETA 1.0min)
Optimizador: UMDA
Modo de Fitness: REGRET
Reglas totales para evaluar precisiµn: 20
Reglas usadas para entrenar (Fitness): 4
Iniciando optimizaciµn...
IT:  0 	Best cost:  0.0
IT:  1 	Best cost:  0.0
IT:  2 	Best cost:  0.0
IT:  3 	Best cost:  0.0
IT:  4 	Best cost:  0.0
IT:  5 	Best cost:  0.0
IT:  6 	Best cost:  0.0
IT:  7 	Best cost:  0.0
IT:  8 	Best cost:  0.0
IT:  9 	Best cost:  0.0

ÀPARADA ANTICIPADA! El Top 50% (>=25 individuos) alcanzµ un Score <= 0.0000
[9/120] bypass2/umda/mmu=True rep=8: acc=90% gen=12  (0.1min / ETA 1.0min)
Optimizador: UMDA
Modo de Fitness: REGRET
Reglas totales para evaluar precisiµn: 20
Reglas usadas para entrenar (Fitness): 4
Iniciando optimizaciµn...
IT:  0 	Best cost:  0.0
IT:  1 	Best cost:  0.0
IT:  2 	Best cost:  0.0
IT:  3 	Best cost:  0.0
IT:  4 	Best cost:  0.0
IT:  5 	Best cost:  0.0
IT:  6 	Best cost:  0.0
IT:  7 	Best cost:  0.0

ÀPARADA ANTICIPADA! El Top 50% (>=25 individuos) alcanzµ un Score <= 0.0000
[10/120] bypass2/umda/mmu=True rep=9: acc=95% gen=10  (0.1min / ETA 1.0min)
Optimizador: UMDA
Modo de Fitness: REGRET
Reglas totales para evaluar precisiµn: 20
Reglas usadas para entrenar (Fitness): 4
Iniciando optimizaciµn...
IT:  0 	Best cost:  0.0
IT:  1 	Best cost:  0.0
IT:  2 	Best cost:  0.0
IT:  3 	Best cost:  0.0
IT:  4 	Best cost:  0.0
IT:  5 	Best cost:  0.0
IT:  6 	Best cost:  0.0
IT:  7 	Best cost:  0.0
IT:  8 	Best cost:  0.0
IT:  9 	Best cost:  0.0
IT:  10 	Best cost:  0.0
IT:  11 	Best cost:  0.0

ÀPARADA ANTICIPADA! El Top 50% (>=25 individuos) alcanzµ un Score <= 0.0000
[11/120] bypass2/umda/mmu=False rep=0: acc=80% gen=14  (0.1min / ETA 1.0min)
Optimizador: UMDA
Modo de Fitness: REGRET
Reglas totales para evaluar precisiµn: 20
Reglas usadas para entrenar (Fitness): 4
Iniciando optimizaciµn...
IT:  0 	Best cost:  0.0
IT:  1 	Best cost:  0.0
IT:  2 	Best cost:  0.0
IT:  3 	Best cost:  0.0
IT:  4 	Best cost:  0.0
IT:  5 	Best cost:  0.0
IT:  6 	Best cost:  0.0
IT:  7 	Best cost:  0.0
IT:  8 	Best cost:  0.0
IT:  9 	Best cost:  0.0

ÀPARADA ANTICIPADA! El Top 50% (>=25 individuos) alcanzµ un Score <= 0.0000
[12/120] bypass2/umda/mmu=False rep=1: acc=85% gen=12  (0.1min / ETA 1.0min)
Optimizador: UMDA
Modo de Fitness: REGRET
Reglas totales para evaluar precisiµn: 20
Reglas usadas para entrenar (Fitness): 4
Iniciando optimizaciµn...
IT:  0 	Best cost:  0.0
IT:  1 	Best cost:  0.0
IT:  2 	Best cost:  0.0
IT:  3 	Best cost:  0.0
IT:  4 	Best cost:  0.0
IT:  5 	Best cost:  0.0
IT:  6 	Best cost:  0.0
IT:  7 	Best cost:  0.0
IT:  8 	Best cost:  0.0
IT:  9 	Best cost:  0.0
IT:  10 	Best cost:  0.0
IT:  11 	Best cost:  0.0
IT:  12 	Best cost:  0.0
IT:  13 	Best cost:  0.0
IT:  14 	Best cost:  0.0

ÀPARADA ANTICIPADA! El Top 50% (>=25 individuos) alcanzµ un Score <= 0.0000
[13/120] bypass2/umda/mmu=False rep=2: acc=95% gen=17  (0.1min / ETA 1.0min)
Optimizador: UMDA
Modo de Fitness: REGRET
Reglas totales para evaluar precisiµn: 20
Reglas usadas para entrenar (Fitness): 4
Iniciando optimizaciµn...
IT:  0 	Best cost:  0.0
IT:  1 	Best cost:  0.0
IT:  2 	Best cost:  0.0
IT:  3 	Best cost:  0.0
IT:  4 	Best cost:  0.0
IT:  5 	Best cost:  0.0
IT:  6 	Best cost:  0.0
IT:  7 	Best cost:  0.0
IT:  8 	Best cost:  0.0
IT:  9 	Best cost:  0.0

ÀPARADA ANTICIPADA! El Top 50% (>=25 individuos) alcanzµ un Score <= 0.0000
[14/120] bypass2/umda/mmu=False rep=3: acc=95% gen=12  (0.1min / ETA 1.0min)C:\Users\sergi\AppData\Local\Programs\Python\Python313\Lib\site-packages\EDAspy\optimization\custom\probabilistic_models\multivariate_gaussian.py:42: RuntimeWarning: covariance is not symmetric positive-semidefinite.
  return np.random.multivariate_normal(self.pm_means, self.pm_cov, size)

Optimizador: UMDA
Modo de Fitness: REGRET
Reglas totales para evaluar precisiµn: 20
Reglas usadas para entrenar (Fitness): 4
Iniciando optimizaciµn...
IT:  0 	Best cost:  0.0
IT:  1 	Best cost:  0.0
IT:  2 	Best cost:  0.0
IT:  3 	Best cost:  0.0
IT:  4 	Best cost:  0.0
IT:  5 	Best cost:  0.0
IT:  6 	Best cost:  0.0
IT:  7 	Best cost:  0.0
IT:  8 	Best cost:  0.0
IT:  9 	Best cost:  0.0
IT:  10 	Best cost:  0.0
IT:  11 	Best cost:  0.0
IT:  12 	Best cost:  0.0
IT:  13 	Best cost:  0.0
IT:  14 	Best cost:  0.0
IT:  15 	Best cost:  0.0
IT:  16 	Best cost:  0.0
IT:  17 	Best cost:  0.0

ÀPARADA ANTICIPADA! El Top 50% (>=25 individuos) alcanzµ un Score <= 0.0000
[15/120] bypass2/umda/mmu=False rep=4: acc=85% gen=20  (0.1min / ETA 1.0min)
Optimizador: UMDA
Modo de Fitness: REGRET
Reglas totales para evaluar precisiµn: 20
Reglas usadas para entrenar (Fitness): 4
Iniciando optimizaciµn...
IT:  0 	Best cost:  0.0
IT:  1 	Best cost:  0.0
IT:  2 	Best cost:  0.0
IT:  3 	Best cost:  0.0
IT:  4 	Best cost:  0.0
IT:  5 	Best cost:  0.0
IT:  6 	Best cost:  0.0
IT:  7 	Best cost:  0.0
IT:  8 	Best cost:  0.0
IT:  9 	Best cost:  0.0
IT:  10 	Best cost:  0.0
IT:  11 	Best cost:  0.0

ÀPARADA ANTICIPADA! El Top 50% (>=25 individuos) alcanzµ un Score <= 0.0000
[16/120] bypass2/umda/mmu=False rep=5: acc=85% gen=14  (0.1min / ETA 1.0min)
Optimizador: UMDA
Modo de Fitness: REGRET
Reglas totales para evaluar precisiµn: 20
Reglas usadas para entrenar (Fitness): 4
Iniciando optimizaciµn...
IT:  0 	Best cost:  0.0
IT:  1 	Best cost:  0.0
IT:  2 	Best cost:  0.0
IT:  3 	Best cost:  0.0
IT:  4 	Best cost:  0.0
IT:  5 	Best cost:  0.0
IT:  6 	Best cost:  0.0
IT:  7 	Best cost:  0.0
IT:  8 	Best cost:  0.0
IT:  9 	Best cost:  0.0
IT:  10 	Best cost:  0.0
IT:  11 	Best cost:  0.0

ÀPARADA ANTICIPADA! El Top 50% (>=25 individuos) alcanzµ un Score <= 0.0000
[17/120] bypass2/umda/mmu=False rep=6: acc=85% gen=14  (0.2min / ETA 1.0min)
Optimizador: UMDA
Modo de Fitness: REGRET
Reglas totales para evaluar precisiµn: 20
Reglas usadas para entrenar (Fitness): 4
Iniciando optimizaciµn...
IT:  0 	Best cost:  0.0
IT:  1 	Best cost:  0.0
IT:  2 	Best cost:  0.0
IT:  3 	Best cost:  0.0
IT:  4 	Best cost:  0.0
IT:  5 	Best cost:  0.0
IT:  6 	Best cost:  0.0
IT:  7 	Best cost:  0.0
IT:  8 	Best cost:  0.0
IT:  9 	Best cost:  0.0
IT:  10 	Best cost:  0.0
IT:  11 	Best cost:  0.0
IT:  12 	Best cost:  0.0
IT:  13 	Best cost:  0.0
IT:  14 	Best cost:  0.0

ÀPARADA ANTICIPADA! El Top 50% (>=25 individuos) alcanzµ un Score <= 0.0000
[18/120] bypass2/umda/mmu=False rep=7: acc=85% gen=17  (0.2min / ETA 1.0min)
Optimizador: UMDA
Modo de Fitness: REGRET
Reglas totales para evaluar precisiµn: 20
Reglas usadas para entrenar (Fitness): 4
Iniciando optimizaciµn...
IT:  0 	Best cost:  0.0
IT:  1 	Best cost:  0.0
IT:  2 	Best cost:  0.0
IT:  3 	Best cost:  0.0
IT:  4 	Best cost:  0.0
IT:  5 	Best cost:  0.0
IT:  6 	Best cost:  0.0
IT:  7 	Best cost:  0.0
IT:  8 	Best cost:  0.0

ÀPARADA ANTICIPADA! El Top 50% (>=25 individuos) alcanzµ un Score <= 0.0000
[19/120] bypass2/umda/mmu=False rep=8: acc=85% gen=11  (0.2min / ETA 1.0min)
Optimizador: UMDA
Modo de Fitness: REGRET
Reglas totales para evaluar precisiµn: 20
Reglas usadas para entrenar (Fitness): 4
Iniciando optimizaciµn...
IT:  0 	Best cost:  0.0
IT:  1 	Best cost:  0.0
IT:  2 	Best cost:  0.0
IT:  3 	Best cost:  0.0
IT:  4 	Best cost:  0.0
IT:  5 	Best cost:  0.0
IT:  6 	Best cost:  0.0
IT:  7 	Best cost:  0.0
IT:  8 	Best cost:  0.0
IT:  9 	Best cost:  0.0
IT:  10 	Best cost:  0.0
IT:  11 	Best cost:  0.0
IT:  12 	Best cost:  0.0
IT:  13 	Best cost:  0.0
IT:  14 	Best cost:  0.0

ÀPARADA ANTICIPADA! El Top 50% (>=25 individuos) alcanzµ un Score <= 0.0000
[20/120] bypass2/umda/mmu=False rep=9: acc=95% gen=17  (0.2min / ETA 1.0min)
Optimizador: EMNA
Modo de Fitness: REGRET
Reglas totales para evaluar precisiµn: 20
Reglas usadas para entrenar (Fitness): 4
Iniciando optimizaciµn...
IT:  0 	Best cost:  0.0
IT:  1 	Best cost:  0.0
IT:  2 	Best cost:  0.0
IT:  3 	Best cost:  0.0
IT:  4 	Best cost:  0.0
IT:  5 	Best cost:  0.0
IT:  6 	Best cost:  0.0
IT:  7 	Best cost:  0.0

ÀPARADA ANTICIPADA! El Top 50% (>=25 individuos) alcanzµ un Score <= 0.0000
[21/120] bypass2/emna/mmu=True rep=0: acc=85% gen=10  (0.2min / ETA 0.9min)
Optimizador: EMNA
Modo de Fitness: REGRET
Reglas totales para evaluar precisiµn: 20
Reglas usadas para entrenar (Fitness): 4
Iniciando optimizaciµn...
IT:  0 	Best cost:  0.0
IT:  1 	Best cost:  0.0
IT:  2 	Best cost:  0.0
IT:  3 	Best cost:  0.0
IT:  4 	Best cost:  0.0
IT:  5 	Best cost:  0.0
IT:  6 	Best cost:  0.0
IT:  7 	Best cost:  0.0
IT:  8 	Best cost:  0.0
IT:  9 	Best cost:  0.0
IT:  10 	Best cost:  0.0
IT:  11 	Best cost:  0.0
IT:  12 	Best cost:  0.0
IT:  13 	Best cost:  0.0
IT:  14 	Best cost:  0.0
IT:  15 	Best cost:  0.0
IT:  16 	Best cost:  0.0
IT:  17 	Best cost:  0.0

ÀPARADA ANTICIPADA! El Top 50% (>=25 individuos) alcanzµ un Score <= 0.0000
[22/120] bypass2/emna/mmu=True rep=1: acc=100% gen=20  (0.2min / ETA 1.0min)
Optimizador: EMNA
Modo de Fitness: REGRET
Reglas totales para evaluar precisiµn: 20
Reglas usadas para entrenar (Fitness): 4
Iniciando optimizaciµn...
IT:  0 	Best cost:  0.0
IT:  1 	Best cost:  0.0
IT:  2 	Best cost:  0.0
IT:  3 	Best cost:  0.0
IT:  4 	Best cost:  0.0
IT:  5 	Best cost:  0.0
IT:  6 	Best cost:  0.0
IT:  7 	Best cost:  0.0
IT:  8 	Best cost:  0.0
IT:  9 	Best cost:  0.0
IT:  10 	Best cost:  0.0
IT:  11 	Best cost:  0.0
IT:  12 	Best cost:  0.0
IT:  13 	Best cost:  0.0
IT:  14 	Best cost:  0.0

ÀPARADA ANTICIPADA! El Top 50% (>=25 individuos) alcanzµ un Score <= 0.0000
[23/120] bypass2/emna/mmu=True rep=2: acc=100% gen=17  (0.2min / ETA 1.0min)
Optimizador: EMNA
Modo de Fitness: REGRET
Reglas totales para evaluar precisiµn: 20
Reglas usadas para entrenar (Fitness): 4
Iniciando optimizaciµn...
IT:  0 	Best cost:  0.0
IT:  1 	Best cost:  0.0
IT:  2 	Best cost:  0.0
IT:  3 	Best cost:  0.0
IT:  4 	Best cost:  0.0
IT:  5 	Best cost:  0.0
IT:  6 	Best cost:  0.0
IT:  7 	Best cost:  0.0
IT:  8 	Best cost:  0.0
IT:  9 	Best cost:  0.0
IT:  10 	Best cost:  0.0
IT:  11 	Best cost:  0.0
IT:  12 	Best cost:  0.0
IT:  13 	Best cost:  0.0
IT:  14 	Best cost:  0.0
IT:  15 	Best cost:  0.0
IT:  16 	Best cost:  0.0
IT:  17 	Best cost:  0.0
IT:  18 	Best cost:  0.0
IT:  19 	Best cost:  0.0
Optimizaciµn terminada por fin natural (max_iter o dead_iter interno del optimizador).
[24/120] bypass2/emna/mmu=True rep=3: acc=100% gen=22  (0.3min / ETA 1.0min)
Optimizador: EMNA
Modo de Fitness: REGRET
Reglas totales para evaluar precisiµn: 20
Reglas usadas para entrenar (Fitness): 4
Iniciando optimizaciµn...
IT:  0 	Best cost:  0.0
IT:  1 	Best cost:  0.0
IT:  2 	Best cost:  0.0
IT:  3 	Best cost:  0.0
IT:  4 	Best cost:  0.0
IT:  5 	Best cost:  0.0
IT:  6 	Best cost:  0.0
IT:  7 	Best cost:  0.0
IT:  8 	Best cost:  0.0
IT:  9 	Best cost:  0.0
IT:  10 	Best cost:  0.0
IT:  11 	Best cost:  0.0
IT:  12 	Best cost:  0.0
IT:  13 	Best cost:  0.0
IT:  14 	Best cost:  0.0
IT:  15 	Best cost:  0.0
IT:  16 	Best cost:  0.0
IT:  17 	Best cost:  0.0

ÀPARADA ANTICIPADA! El Top 50% (>=25 individuos) alcanzµ un Score <= 0.0000
[25/120] bypass2/emna/mmu=True rep=4: acc=100% gen=20  (0.3min / ETA 1.0min)
Optimizador: EMNA
Modo de Fitness: REGRET
Reglas totales para evaluar precisiµn: 20
Reglas usadas para entrenar (Fitness): 4
Iniciando optimizaciµn...
IT:  0 	Best cost:  0.0
IT:  1 	Best cost:  0.0
IT:  2 	Best cost:  0.0
IT:  3 	Best cost:  0.0
IT:  4 	Best cost:  0.0
IT:  5 	Best cost:  0.0
IT:  6 	Best cost:  0.0
IT:  7 	Best cost:  0.0
IT:  8 	Best cost:  0.0
IT:  9 	Best cost:  0.0
IT:  10 	Best cost:  0.0
IT:  11 	Best cost:  0.0
IT:  12 	Best cost:  0.0
IT:  13 	Best cost:  0.0
IT:  14 	Best cost:  0.0

ÀPARADA ANTICIPADA! El Top 50% (>=25 individuos) alcanzµ un Score <= 0.0000
[26/120] bypass2/emna/mmu=True rep=5: acc=85% gen=17  (0.3min / ETA 1.0min)
Optimizador: EMNA
Modo de Fitness: REGRET
Reglas totales para evaluar precisiµn: 20
Reglas usadas para entrenar (Fitness): 4
Iniciando optimizaciµn...
IT:  0 	Best cost:  0.0
IT:  1 	Best cost:  0.0
IT:  2 	Best cost:  0.0
IT:  3 	Best cost:  0.0
IT:  4 	Best cost:  0.0
IT:  5 	Best cost:  0.0
IT:  6 	Best cost:  0.0
IT:  7 	Best cost:  0.0
IT:  8 	Best cost:  0.0
IT:  9 	Best cost:  0.0
IT:  10 	Best cost:  0.0
IT:  11 	Best cost:  0.0
IT:  12 	Best cost:  0.0
IT:  13 	Best cost:  0.0
IT:  14 	Best cost:  0.0
IT:  15 	Best cost:  0.0
IT:  16 	Best cost:  0.0

ÀPARADA ANTICIPADA! El Top 50% (>=25 individuos) alcanzµ un Score <= 0.0000
[27/120] bypass2/emna/mmu=True rep=6: acc=100% gen=19  (0.3min / ETA 1.0min)
Optimizador: EMNA
Modo de Fitness: REGRET
Reglas totales para evaluar precisiµn: 20
Reglas usadas para entrenar (Fitness): 4
Iniciando optimizaciµn...
IT:  0 	Best cost:  0.0
IT:  1 	Best cost:  0.0
IT:  2 	Best cost:  0.0
IT:  3 	Best cost:  0.0
IT:  4 	Best cost:  0.0
IT:  5 	Best cost:  0.0
IT:  6 	Best cost:  0.0
IT:  7 	Best cost:  0.0
IT:  8 	Best cost:  0.0
IT:  9 	Best cost:  0.0
IT:  10 	Best cost:  0.0
IT:  11 	Best cost:  0.0
IT:  12 	Best cost:  0.0
IT:  13 	Best cost:  0.0
IT:  14 	Best cost:  0.0

ÀPARADA ANTICIPADA! El Top 50% (>=25 individuos) alcanzµ un Score <= 0.0000
[28/120] bypass2/emna/mmu=True rep=7: acc=100% gen=17  (0.3min / ETA 1.0min)
Optimizador: EMNA
Modo de Fitness: REGRET
Reglas totales para evaluar precisiµn: 20
Reglas usadas para entrenar (Fitness): 4
Iniciando optimizaciµn...
IT:  0 	Best cost:  0.0
IT:  1 	Best cost:  0.0
IT:  2 	Best cost:  0.0
IT:  3 	Best cost:  0.0
IT:  4 	Best cost:  0.0
IT:  5 	Best cost:  0.0
IT:  6 	Best cost:  0.0
IT:  7 	Best cost:  0.0
IT:  8 	Best cost:  0.0
IT:  9 	Best cost:  0.0
IT:  10 	Best cost:  0.0
IT:  11 	Best cost:  0.0
IT:  12 	Best cost:  0.0
IT:  13 	Best cost:  0.0
IT:  14 	Best cost:  0.0
IT:  15 	Best cost:  0.0
IT:  16 	Best cost:  0.0

ÀPARADA ANTICIPADA! El Top 50% (>=25 individuos) alcanzµ un Score <= 0.0000
[29/120] bypass2/emna/mmu=True rep=8: acc=85% gen=19  (0.3min / ETA 1.0min)
Optimizador: EMNA
Modo de Fitness: REGRET
Reglas totales para evaluar precisiµn: 20
Reglas usadas para entrenar (Fitness): 4
Iniciando optimizaciµn...
IT:  0 	Best cost:  0.0
IT:  1 	Best cost:  0.0
IT:  2 	Best cost:  0.0
IT:  3 	Best cost:  0.0
IT:  4 	Best cost:  0.0
IT:  5 	Best cost:  0.0
IT:  6 	Best cost:  0.0
IT:  7 	Best cost:  0.0
IT:  8 	Best cost:  0.0
IT:  9 	Best cost:  0.0
IT:  10 	Best cost:  0.0
IT:  11 	Best cost:  0.0
IT:  12 	Best cost:  0.0
IT:  13 	Best cost:  0.0
IT:  14 	Best cost:  0.0
IT:  15 	Best cost:  0.0
IT:  16 	Best cost:  0.0
IT:  17 	Best cost:  0.0
IT:  18 	Best cost:  0.0
IT:  19 	Best cost:  0.0

ÀPARADA ANTICIPADA! El Top 50% (>=25 individuos) alcanzµ un Score <= 0.0000
[30/120] bypass2/emna/mmu=True rep=9: acc=90% gen=22  (0.4min / ETA 1.1min)
Optimizador: EMNA
Modo de Fitness: REGRET
Reglas totales para evaluar precisiµn: 20
Reglas usadas para entrenar (Fitness): 4
Iniciando optimizaciµn...
IT:  0 	Best cost:  0.0
IT:  1 	Best cost:  0.0
IT:  2 	Best cost:  0.0
IT:  3 	Best cost:  0.0
IT:  4 	Best cost:  0.0
IT:  5 	Best cost:  0.0
IT:  6 	Best cost:  0.0
IT:  7 	Best cost:  0.0
IT:  8 	Best cost:  0.0
IT:  9 	Best cost:  0.0
IT:  10 	Best cost:  0.0
IT:  11 	Best cost:  0.0
IT:  12 	Best cost:  0.0
IT:  13 	Best cost:  0.0
IT:  14 	Best cost:  0.0
IT:  15 	Best cost:  0.0
IT:  16 	Best cost:  0.0
IT:  17 	Best cost:  0.0
IT:  18 	Best cost:  0.0

ÀPARADA ANTICIPADA! El Top 50% (>=25 individuos) alcanzµ un Score <= 0.0000
[31/120] bypass2/emna/mmu=False rep=0: acc=100% gen=21  (0.4min / ETA 1.1min)
Optimizador: EMNA
Modo de Fitness: REGRET
Reglas totales para evaluar precisiµn: 20
Reglas usadas para entrenar (Fitness): 4
Iniciando optimizaciµn...
IT:  0 	Best cost:  0.0
IT:  1 	Best cost:  0.0
IT:  2 	Best cost:  0.0
IT:  3 	Best cost:  0.0
IT:  4 	Best cost:  0.0
IT:  5 	Best cost:  0.0
IT:  6 	Best cost:  0.0
IT:  7 	Best cost:  0.0
IT:  8 	Best cost:  0.0
IT:  9 	Best cost:  0.0
IT:  10 	Best cost:  0.0
IT:  11 	Best cost:  0.0
IT:  12 	Best cost:  0.0
IT:  13 	Best cost:  0.0
IT:  14 	Best cost:  0.0
IT:  15 	Best cost:  0.0
IT:  16 	Best cost:  0.0
IT:  17 	Best cost:  0.0
IT:  18 	Best cost:  0.0
IT:  19 	Best cost:  0.0
Optimizaciµn terminada por fin natural (max_iter o dead_iter interno del optimizador).
[32/120] bypass2/emna/mmu=False rep=1: acc=100% gen=22  (0.4min / ETA 1.1min)
Optimizador: EMNA
Modo de Fitness: REGRET
Reglas totales para evaluar precisiµn: 20
Reglas usadas para entrenar (Fitness): 4
Iniciando optimizaciµn...
IT:  0 	Best cost:  0.0
IT:  1 	Best cost:  0.0
IT:  2 	Best cost:  0.0
IT:  3 	Best cost:  0.0
IT:  4 	Best cost:  0.0
IT:  5 	Best cost:  0.0
IT:  6 	Best cost:  0.0
IT:  7 	Best cost:  0.0
IT:  8 	Best cost:  0.0
IT:  9 	Best cost:  0.0
IT:  10 	Best cost:  0.0
IT:  11 	Best cost:  0.0
IT:  12 	Best cost:  0.0
IT:  13 	Best cost:  0.0
IT:  14 	Best cost:  0.0
IT:  15 	Best cost:  0.0
IT:  16 	Best cost:  0.0
IT:  17 	Best cost:  0.0
IT:  18 	Best cost:  0.0
IT:  19 	Best cost:  0.0
Optimizaciµn terminada por fin natural (max_iter o dead_iter interno del optimizador).
[33/120] bypass2/emna/mmu=False rep=2: acc=85% gen=22  (0.4min / ETA 1.1min)
Optimizador: EMNA
Modo de Fitness: REGRET
Reglas totales para evaluar precisiµn: 20
Reglas usadas para entrenar (Fitness): 4
Iniciando optimizaciµn...
IT:  0 	Best cost:  0.0
IT:  1 	Best cost:  0.0
IT:  2 	Best cost:  0.0
IT:  3 	Best cost:  0.0
IT:  4 	Best cost:  0.0
IT:  5 	Best cost:  0.0
IT:  6 	Best cost:  0.0
IT:  7 	Best cost:  0.0
IT:  8 	Best cost:  0.0
IT:  9 	Best cost:  0.0
IT:  10 	Best cost:  0.0
IT:  11 	Best cost:  0.0
IT:  12 	Best cost:  0.0
IT:  13 	Best cost:  0.0
IT:  14 	Best cost:  0.0
IT:  15 	Best cost:  0.0
IT:  16 	Best cost:  0.0
IT:  17 	Best cost:  0.0

ÀPARADA ANTICIPADA! El Top 50% (>=25 individuos) alcanzµ un Score <= 0.0000
[34/120] bypass2/emna/mmu=False rep=3: acc=100% gen=20  (0.5min / ETA 1.1min)
Optimizador: EMNA
Modo de Fitness: REGRET
Reglas totales para evaluar precisiµn: 20
Reglas usadas para entrenar (Fitness): 4
Iniciando optimizaciµn...
IT:  0 	Best cost:  0.0
IT:  1 	Best cost:  0.0
IT:  2 	Best cost:  0.0
IT:  3 	Best cost:  0.0
IT:  4 	Best cost:  0.0
IT:  5 	Best cost:  0.0
IT:  6 	Best cost:  0.0
IT:  7 	Best cost:  0.0
IT:  8 	Best cost:  0.0
IT:  9 	Best cost:  0.0
IT:  10 	Best cost:  0.0
IT:  11 	Best cost:  0.0
IT:  12 	Best cost:  0.0
IT:  13 	Best cost:  0.0
IT:  14 	Best cost:  0.0
IT:  15 	Best cost:  0.0
IT:  16 	Best cost:  0.0

ÀPARADA ANTICIPADA! El Top 50% (>=25 individuos) alcanzµ un Score <= 0.0000
[35/120] bypass2/emna/mmu=False rep=4: acc=100% gen=19  (0.5min / ETA 1.1min)
Optimizador: EMNA
Modo de Fitness: REGRET
Reglas totales para evaluar precisiµn: 20
Reglas usadas para entrenar (Fitness): 4
Iniciando optimizaciµn...
IT:  0 	Best cost:  0.0
IT:  1 	Best cost:  0.0
IT:  2 	Best cost:  0.0
IT:  3 	Best cost:  0.0
IT:  4 	Best cost:  0.0
IT:  5 	Best cost:  0.0
IT:  6 	Best cost:  0.0
IT:  7 	Best cost:  0.0
IT:  8 	Best cost:  0.0
IT:  9 	Best cost:  0.0
IT:  10 	Best cost:  0.0
IT:  11 	Best cost:  0.0
IT:  12 	Best cost:  0.0
IT:  13 	Best cost:  0.0
IT:  14 	Best cost:  0.0
IT:  15 	Best cost:  0.0
IT:  16 	Best cost:  0.0

ÀPARADA ANTICIPADA! El Top 50% (>=25 individuos) alcanzµ un Score <= 0.0000
[36/120] bypass2/emna/mmu=False rep=5: acc=100% gen=19  (0.5min / ETA 1.1min)
Optimizador: EMNA
Modo de Fitness: REGRET
Reglas totales para evaluar precisiµn: 20
Reglas usadas para entrenar (Fitness): 4
Iniciando optimizaciµn...
IT:  0 	Best cost:  0.0
IT:  1 	Best cost:  0.0
IT:  2 	Best cost:  0.0
IT:  3 	Best cost:  0.0
IT:  4 	Best cost:  0.0
IT:  5 	Best cost:  0.0
IT:  6 	Best cost:  0.0
IT:  7 	Best cost:  0.0
IT:  8 	Best cost:  0.0
IT:  9 	Best cost:  0.0
IT:  10 	Best cost:  0.0
IT:  11 	Best cost:  0.0
IT:  12 	Best cost:  0.0
IT:  13 	Best cost:  0.0
IT:  14 	Best cost:  0.0
IT:  15 	Best cost:  0.0

ÀPARADA ANTICIPADA! El Top 50% (>=25 individuos) alcanzµ un Score <= 0.0000
[37/120] bypass2/emna/mmu=False rep=6: acc=100% gen=18  (0.5min / ETA 1.1min)
Optimizador: EMNA
Modo de Fitness: REGRET
Reglas totales para evaluar precisiµn: 20
Reglas usadas para entrenar (Fitness): 4
Iniciando optimizaciµn...
IT:  0 	Best cost:  0.0
IT:  1 	Best cost:  0.0
IT:  2 	Best cost:  0.0
IT:  3 	Best cost:  0.0
IT:  4 	Best cost:  0.0
IT:  5 	Best cost:  0.0
IT:  6 	Best cost:  0.0
IT:  7 	Best cost:  0.0
IT:  8 	Best cost:  0.0
IT:  9 	Best cost:  0.0
IT:  10 	Best cost:  0.0
IT:  11 	Best cost:  0.0
IT:  12 	Best cost:  0.0
IT:  13 	Best cost:  0.0
IT:  14 	Best cost:  0.0
IT:  15 	Best cost:  0.0
IT:  16 	Best cost:  0.0
IT:  17 	Best cost:  0.0
IT:  18 	Best cost:  0.0

ÀPARADA ANTICIPADA! El Top 50% (>=25 individuos) alcanzµ un Score <= 0.0000
[38/120] bypass2/emna/mmu=False rep=7: acc=85% gen=21  (0.5min / ETA 1.1min)
Optimizador: EMNA
Modo de Fitness: REGRET
Reglas totales para evaluar precisiµn: 20
Reglas usadas para entrenar (Fitness): 4
Iniciando optimizaciµn...
IT:  0 	Best cost:  0.0
IT:  1 	Best cost:  0.0
IT:  2 	Best cost:  0.0
IT:  3 	Best cost:  0.0
IT:  4 	Best cost:  0.0
IT:  5 	Best cost:  0.0
IT:  6 	Best cost:  0.0
IT:  7 	Best cost:  0.0
IT:  8 	Best cost:  0.0
IT:  9 	Best cost:  0.0
IT:  10 	Best cost:  0.0
IT:  11 	Best cost:  0.0
IT:  12 	Best cost:  0.0
IT:  13 	Best cost:  0.0
IT:  14 	Best cost:  0.0

ÀPARADA ANTICIPADA! El Top 50% (>=25 individuos) alcanzµ un Score <= 0.0000
[39/120] bypass2/emna/mmu=False rep=8: acc=100% gen=17  (0.5min / ETA 1.1min)
Optimizador: EMNA
Modo de Fitness: REGRET
Reglas totales para evaluar precisiµn: 20
Reglas usadas para entrenar (Fitness): 4
Iniciando optimizaciµn...
IT:  0 	Best cost:  0.0
IT:  1 	Best cost:  0.0
IT:  2 	Best cost:  0.0
IT:  3 	Best cost:  0.0
IT:  4 	Best cost:  0.0
IT:  5 	Best cost:  0.0
IT:  6 	Best cost:  0.0
IT:  7 	Best cost:  0.0
IT:  8 	Best cost:  0.0
IT:  9 	Best cost:  0.0
IT:  10 	Best cost:  0.0
IT:  11 	Best cost:  0.0
IT:  12 	Best cost:  0.0
IT:  13 	Best cost:  0.0
IT:  14 	Best cost:  0.0
IT:  15 	Best cost:  0.0
IT:  16 	Best cost:  0.0
IT:  17 	Best cost:  0.0
IT:  18 	Best cost:  0.0
IT:  19 	Best cost:  0.0

ÀPARADA ANTICIPADA! El Top 50% (>=25 individuos) alcanzµ un Score <= 0.0000
[40/120] bypass2/emna/mmu=False rep=9: acc=100% gen=22  (0.6min / ETA 1.1min)
Optimizador: KEDA
Modo de Fitness: REGRET
Reglas totales para evaluar precisiµn: 20
Reglas usadas para entrenar (Fitness): 4
Iniciando optimizaciµn...
IT:  0 	Best cost:  0.0
IT:  1 	Best cost:  0.0
IT:  2 	Best cost:  0.0
IT:  3 	Best cost:  0.0

ÀPARADA ANTICIPADA! El Top 50% (>=200 individuos) alcanzµ un Score <= 0.0000
[41/120] bypass2/keda/mmu=True rep=0: acc=100% gen=6  (0.6min / ETA 1.2min)
Optimizador: KEDA
Modo de Fitness: REGRET
Reglas totales para evaluar precisiµn: 20
Reglas usadas para entrenar (Fitness): 4
Iniciando optimizaciµn...
IT:  0 	Best cost:  0.0
IT:  1 	Best cost:  0.0
IT:  2 	Best cost:  0.0
IT:  3 	Best cost:  0.0

ÀPARADA ANTICIPADA! El Top 50% (>=200 individuos) alcanzµ un Score <= 0.0000
[42/120] bypass2/keda/mmu=True rep=1: acc=100% gen=6  (0.6min / ETA 1.2min)
Optimizador: KEDA
Modo de Fitness: REGRET
Reglas totales para evaluar precisiµn: 20
Reglas usadas para entrenar (Fitness): 4
Iniciando optimizaciµn...
IT:  0 	Best cost:  0.0
IT:  1 	Best cost:  0.0
IT:  2 	Best cost:  0.0
IT:  3 	Best cost:  0.0
IT:  4 	Best cost:  0.0
IT:  5 	Best cost:  0.0

ÀPARADA ANTICIPADA! El Top 50% (>=200 individuos) alcanzµ un Score <= 0.0000
[43/120] bypass2/keda/mmu=True rep=2: acc=100% gen=8  (0.7min / ETA 1.3min)
Optimizador: KEDA
Modo de Fitness: REGRET
Reglas totales para evaluar precisiµn: 20
Reglas usadas para entrenar (Fitness): 4
Iniciando optimizaciµn...
IT:  0 	Best cost:  0.0
IT:  1 	Best cost:  0.0
IT:  2 	Best cost:  0.0
IT:  3 	Best cost:  0.0
IT:  4 	Best cost:  0.0
IT:  5 	Best cost:  0.0

ÀPARADA ANTICIPADA! El Top 50% (>=200 individuos) alcanzµ un Score <= 0.0000
[44/120] bypass2/keda/mmu=True rep=3: acc=100% gen=8  (0.8min / ETA 1.3min)
Optimizador: KEDA
Modo de Fitness: REGRET
Reglas totales para evaluar precisiµn: 20
Reglas usadas para entrenar (Fitness): 4
Iniciando optimizaciµn...
IT:  0 	Best cost:  0.0
IT:  1 	Best cost:  0.0
IT:  2 	Best cost:  0.0
IT:  3 	Best cost:  0.0
IT:  4 	Best cost:  0.0

ÀPARADA ANTICIPADA! El Top 50% (>=200 individuos) alcanzµ un Score <= 0.0000
[45/120] bypass2/keda/mmu=True rep=4: acc=100% gen=7  (0.8min / ETA 1.3min)
Optimizador: KEDA
Modo de Fitness: REGRET
Reglas totales para evaluar precisiµn: 20
Reglas usadas para entrenar (Fitness): 4
Iniciando optimizaciµn...
IT:  0 	Best cost:  0.0
IT:  1 	Best cost:  0.0
IT:  2 	Best cost:  0.0
IT:  3 	Best cost:  0.0
IT:  4 	Best cost:  0.0

ÀPARADA ANTICIPADA! El Top 50% (>=200 individuos) alcanzµ un Score <= 0.0000
[46/120] bypass2/keda/mmu=True rep=5: acc=100% gen=7  (0.8min / ETA 1.4min)
Optimizador: KEDA
Modo de Fitness: REGRET
Reglas totales para evaluar precisiµn: 20
Reglas usadas para entrenar (Fitness): 4
Iniciando optimizaciµn...
IT:  0 	Best cost:  0.0
IT:  1 	Best cost:  0.0
IT:  2 	Best cost:  0.0
IT:  3 	Best cost:  0.0
IT:  4 	Best cost:  0.0

ÀPARADA ANTICIPADA! El Top 50% (>=200 individuos) alcanzµ un Score <= 0.0000
[47/120] bypass2/keda/mmu=True rep=6: acc=100% gen=7  (0.9min / ETA 1.4min)
Optimizador: KEDA
Modo de Fitness: REGRET
Reglas totales para evaluar precisiµn: 20
Reglas usadas para entrenar (Fitness): 4
Iniciando optimizaciµn...
IT:  0 	Best cost:  0.0
IT:  1 	Best cost:  0.0
IT:  2 	Best cost:  0.0
IT:  3 	Best cost:  0.0

ÀPARADA ANTICIPADA! El Top 50% (>=200 individuos) alcanzµ un Score <= 0.0000
[48/120] bypass2/keda/mmu=True rep=7: acc=100% gen=6  (0.9min / ETA 1.4min)
Optimizador: KEDA
Modo de Fitness: REGRET
Reglas totales para evaluar precisiµn: 20
Reglas usadas para entrenar (Fitness): 4
Iniciando optimizaciµn...
IT:  0 	Best cost:  0.0
IT:  1 	Best cost:  0.0
IT:  2 	Best cost:  0.0
IT:  3 	Best cost:  0.0

ÀPARADA ANTICIPADA! El Top 50% (>=200 individuos) alcanzµ un Score <= 0.0000
[49/120] bypass2/keda/mmu=True rep=8: acc=100% gen=6  (0.9min / ETA 1.4min)
Optimizador: KEDA
Modo de Fitness: REGRET
Reglas totales para evaluar precisiµn: 20
Reglas usadas para entrenar (Fitness): 4
Iniciando optimizaciµn...
IT:  0 	Best cost:  0.0
IT:  1 	Best cost:  0.0
IT:  2 	Best cost:  0.0
IT:  3 	Best cost:  0.0
IT:  4 	Best cost:  0.0
IT:  5 	Best cost:  0.0

ÀPARADA ANTICIPADA! El Top 50% (>=200 individuos) alcanzµ un Score <= 0.0000
[50/120] bypass2/keda/mmu=True rep=9: acc=100% gen=8  (1.0min / ETA 1.4min)
Optimizador: KEDA
Modo de Fitness: REGRET
Reglas totales para evaluar precisiµn: 20
Reglas usadas para entrenar (Fitness): 4
Iniciando optimizaciµn...
IT:  0 	Best cost:  0.0
IT:  1 	Best cost:  0.0
IT:  2 	Best cost:  0.0
IT:  3 	Best cost:  0.0

ÀPARADA ANTICIPADA! El Top 50% (>=200 individuos) alcanzµ un Score <= 0.0000
[51/120] bypass2/keda/mmu=False rep=0: acc=100% gen=6  (1.0min / ETA 1.4min)
Optimizador: KEDA
Modo de Fitness: REGRET
Reglas totales para evaluar precisiµn: 20
Reglas usadas para entrenar (Fitness): 4
Iniciando optimizaciµn...
IT:  0 	Best cost:  0.0
IT:  1 	Best cost:  0.0
IT:  2 	Best cost:  0.0
IT:  3 	Best cost:  0.0

ÀPARADA ANTICIPADA! El Top 50% (>=200 individuos) alcanzµ un Score <= 0.0000
[52/120] bypass2/keda/mmu=False rep=1: acc=100% gen=6  (1.1min / ETA 1.4min)
Optimizador: KEDA
Modo de Fitness: REGRET
Reglas totales para evaluar precisiµn: 20
Reglas usadas para entrenar (Fitness): 4
Iniciando optimizaciµn...
IT:  0 	Best cost:  0.0
IT:  1 	Best cost:  0.0
IT:  2 	Best cost:  0.0
IT:  3 	Best cost:  0.0
IT:  4 	Best cost:  0.0
IT:  5 	Best cost:  0.0

ÀPARADA ANTICIPADA! El Top 50% (>=200 individuos) alcanzµ un Score <= 0.0000
[53/120] bypass2/keda/mmu=False rep=2: acc=100% gen=8  (1.1min / ETA 1.4min)
Optimizador: KEDA
Modo de Fitness: REGRET
Reglas totales para evaluar precisiµn: 20
Reglas usadas para entrenar (Fitness): 4
Iniciando optimizaciµn...
IT:  0 	Best cost:  0.0
IT:  1 	Best cost:  0.0
IT:  2 	Best cost:  0.0
IT:  3 	Best cost:  0.0
IT:  4 	Best cost:  0.0
IT:  5 	Best cost:  0.0

ÀPARADA ANTICIPADA! El Top 50% (>=200 individuos) alcanzµ un Score <= 0.0000
[54/120] bypass2/keda/mmu=False rep=3: acc=100% gen=8  (1.2min / ETA 1.4min)
Optimizador: KEDA
Modo de Fitness: REGRET
Reglas totales para evaluar precisiµn: 20
Reglas usadas para entrenar (Fitness): 4
Iniciando optimizaciµn...
IT:  0 	Best cost:  0.0
IT:  1 	Best cost:  0.0
IT:  2 	Best cost:  0.0
IT:  3 	Best cost:  0.0
IT:  4 	Best cost:  0.0
IT:  5 	Best cost:  0.0

ÀPARADA ANTICIPADA! El Top 50% (>=200 individuos) alcanzµ un Score <= 0.0000
[55/120] bypass2/keda/mmu=False rep=4: acc=100% gen=8  (1.2min / ETA 1.4min)
Optimizador: KEDA
Modo de Fitness: REGRET
Reglas totales para evaluar precisiµn: 20
Reglas usadas para entrenar (Fitness): 4
Iniciando optimizaciµn...
IT:  0 	Best cost:  0.0
IT:  1 	Best cost:  0.0
IT:  2 	Best cost:  0.0
IT:  3 	Best cost:  0.0
IT:  4 	Best cost:  0.0
IT:  5 	Best cost:  0.0

ÀPARADA ANTICIPADA! El Top 50% (>=200 individuos) alcanzµ un Score <= 0.0000
[56/120] bypass2/keda/mmu=False rep=5: acc=100% gen=8  (1.3min / ETA 1.4min)
Optimizador: KEDA
Modo de Fitness: REGRET
Reglas totales para evaluar precisiµn: 20
Reglas usadas para entrenar (Fitness): 4
Iniciando optimizaciµn...
IT:  0 	Best cost:  0.0
IT:  1 	Best cost:  0.0
IT:  2 	Best cost:  0.0
IT:  3 	Best cost:  0.0
IT:  4 	Best cost:  0.0
IT:  5 	Best cost:  0.0
IT:  6 	Best cost:  0.0

ÀPARADA ANTICIPADA! El Top 50% (>=200 individuos) alcanzµ un Score <= 0.0000
[57/120] bypass2/keda/mmu=False rep=6: acc=100% gen=9  (1.3min / ETA 1.5min)
Optimizador: KEDA
Modo de Fitness: REGRET
Reglas totales para evaluar precisiµn: 20
Reglas usadas para entrenar (Fitness): 4
Iniciando optimizaciµn...
IT:  0 	Best cost:  0.0
IT:  1 	Best cost:  0.0
IT:  2 	Best cost:  0.0
IT:  3 	Best cost:  0.0

ÀPARADA ANTICIPADA! El Top 50% (>=200 individuos) alcanzµ un Score <= 0.0000
[58/120] bypass2/keda/mmu=False rep=7: acc=100% gen=6  (1.3min / ETA 1.4min)
Optimizador: KEDA
Modo de Fitness: REGRET
Reglas totales para evaluar precisiµn: 20
Reglas usadas para entrenar (Fitness): 4
Iniciando optimizaciµn...
IT:  0 	Best cost:  0.0
IT:  1 	Best cost:  0.0
IT:  2 	Best cost:  0.0
IT:  3 	Best cost:  0.0

ÀPARADA ANTICIPADA! El Top 50% (>=200 individuos) alcanzµ un Score <= 0.0000
[59/120] bypass2/keda/mmu=False rep=8: acc=100% gen=6  (1.4min / ETA 1.4min)
Optimizador: KEDA
Modo de Fitness: REGRET
Reglas totales para evaluar precisiµn: 20
Reglas usadas para entrenar (Fitness): 4
Iniciando optimizaciµn...
IT:  0 	Best cost:  0.0
IT:  1 	Best cost:  0.0
IT:  2 	Best cost:  0.0
IT:  3 	Best cost:  0.0
IT:  4 	Best cost:  0.0

ÀPARADA ANTICIPADA! El Top 50% (>=200 individuos) alcanzµ un Score <= 0.0000
[60/120] bypass2/keda/mmu=False rep=9: acc=100% gen=7  (1.4min / ETA 1.4min)
Optimizador: UMDA
Modo de Fitness: REGRET
Reglas totales para evaluar precisiµn: 67
Reglas usadas para entrenar (Fitness): 13
Iniciando optimizaciµn...
IT:  0 	Best cost:  0.0
IT:  1 	Best cost:  0.0
IT:  2 	Best cost:  0.0
IT:  3 	Best cost:  0.0
IT:  4 	Best cost:  0.0
IT:  5 	Best cost:  0.0
IT:  6 	Best cost:  0.0
IT:  7 	Best cost:  0.0
IT:  8 	Best cost:  0.0

ÀPARADA ANTICIPADA! El Top 50% (>=25 individuos) alcanzµ un Score <= 0.0000
[61/120] nhlv1/umda/mmu=True rep=0: acc=81% gen=11  (4.1min / ETA 3.9min)
Optimizador: UMDA
Modo de Fitness: REGRET
Reglas totales para evaluar precisiµn: 67
Reglas usadas para entrenar (Fitness): 13
Iniciando optimizaciµn...
IT:  0 	Best cost:  0.08654853054706813
IT:  1 	Best cost:  0.030200220089895424
IT:  2 	Best cost:  0.007932496849267778
IT:  3 	Best cost:  0.007932496849267778
IT:  4 	Best cost:  0.007932496849267778
IT:  5 	Best cost:  0.007932496849267778
IT:  6 	Best cost:  0.007932496849267778
IT:  7 	Best cost:  0.007932496849267778
IT:  8 	Best cost:  0.007932496849267778
IT:  9 	Best cost:  0.007932496849267778
IT:  10 	Best cost:  0.007932496849267778
IT:  11 	Best cost:  0.004512710807635045
IT:  12 	Best cost:  0.004512710807635045
IT:  13 	Best cost:  0.002022108847869575
IT:  14 	Best cost:  0.002022108847869575
IT:  15 	Best cost:  0.002022108847869575
IT:  16 	Best cost:  0.002022108847869575
IT:  17 	Best cost:  0.002022108847869575
IT:  18 	Best cost:  0.002022108847869575
IT:  19 	Best cost:  0.002022108847869575
IT:  20 	Best cost:  0.0017263140027736767
IT:  21 	Best cost:  0.0015524842951251117
IT:  22 	Best cost:  0.0008680578995949872
IT:  23 	Best cost:  0.0008680578995949872
IT:  24 	Best cost:  0.00048481565110591873
IT:  25 	Best cost:  0.00048481565110591873
IT:  26 	Best cost:  0.00048481565110591873
IT:  27 	Best cost:  0.00037290842651671596
IT:  28 	Best cost:  0.00037290842651671596
IT:  29 	Best cost:  0.00037290842651671596
IT:  30 	Best cost:  8.560248260458536e-05
IT:  31 	Best cost:  0.0
IT:  32 	Best cost:  0.0
IT:  33 	Best cost:  0.0
IT:  34 	Best cost:  0.0
IT:  35 	Best cost:  0.0
IT:  36 	Best cost:  0.0
IT:  37 	Best cost:  0.0
IT:  38 	Best cost:  0.0
IT:  39 	Best cost:  0.0
IT:  40 	Best cost:  0.0
IT:  41 	Best cost:  0.0
IT:  42 	Best cost:  0.0
IT:  43 	Best cost:  0.0
IT:  44 	Best cost:  0.0
IT:  45 	Best cost:  0.0
IT:  46 	Best cost:  0.0
IT:  47 	Best cost:  0.0
IT:  48 	Best cost:  0.0
IT:  49 	Best cost:  0.0
IT:  50 	Best cost:  0.0
Optimizaciµn terminada por fin natural (max_iter o dead_iter interno del optimizador).
[62/120] nhlv1/umda/mmu=True rep=1: acc=82% gen=53  (17.1min / ETA 16.0min)
Optimizador: UMDA
Modo de Fitness: REGRET
Reglas totales para evaluar precisiµn: 67
Reglas usadas para entrenar (Fitness): 13
Iniciando optimizaciµn...
IT:  0 	Best cost:  0.03402110267107439
IT:  1 	Best cost:  0.03402110267107439
IT:  2 	Best cost:  0.0015895578140909805
IT:  3 	Best cost:  0.0015895578140909805
IT:  4 	Best cost:  0.0
IT:  5 	Best cost:  0.0
IT:  6 	Best cost:  0.0
IT:  7 	Best cost:  0.0
IT:  8 	Best cost:  0.0
IT:  9 	Best cost:  0.0

ÀPARADA ANTICIPADA! El Top 50% (>=25 individuos) alcanzµ un Score <= 0.0000
[63/120] nhlv1/umda/mmu=True rep=2: acc=85% gen=12  (19.8min / ETA 17.9min)
Optimizador: UMDA
Modo de Fitness: REGRET
Reglas totales para evaluar precisiµn: 67
Reglas usadas para entrenar (Fitness): 13
Iniciando optimizaciµn...
IT:  0 	Best cost:  0.009436818243150569
IT:  1 	Best cost:  0.0
IT:  2 	Best cost:  0.0
IT:  3 	Best cost:  0.0
IT:  4 	Best cost:  0.0
IT:  5 	Best cost:  0.0
IT:  6 	Best cost:  0.0
IT:  7 	Best cost:  0.0

ÀPARADA ANTICIPADA! El Top 50% (>=25 individuos) alcanzµ un Score <= 0.0000
[64/120] nhlv1/umda/mmu=True rep=3: acc=84% gen=10  (22.8min / ETA 19.9min)
Optimizador: UMDA
Modo de Fitness: REGRET
Reglas totales para evaluar precisiµn: 67
Reglas usadas para entrenar (Fitness): 13
Iniciando optimizaciµn...
IT:  0 	Best cost:  0.3063438586374243
IT:  1 	Best cost:  0.0
IT:  2 	Best cost:  0.0
IT:  3 	Best cost:  0.0
IT:  4 	Best cost:  0.0
IT:  5 	Best cost:  0.0
IT:  6 	Best cost:  0.0
IT:  7 	Best cost:  0.0
IT:  8 	Best cost:  0.0

ÀPARADA ANTICIPADA! El Top 50% (>=25 individuos) alcanzµ un Score <= 0.0000
[65/120] nhlv1/umda/mmu=True rep=4: acc=87% gen=11  (25.8min / ETA 21.9min)
Optimizador: UMDA
Modo de Fitness: REGRET
Reglas totales para evaluar precisiµn: 67
Reglas usadas para entrenar (Fitness): 13
Iniciando optimizaciµn...
IT:  0 	Best cost:  0.0
IT:  1 	Best cost:  0.0
IT:  2 	Best cost:  0.0
IT:  3 	Best cost:  0.0
IT:  4 	Best cost:  0.0
IT:  5 	Best cost:  0.0
IT:  6 	Best cost:  0.0
IT:  7 	Best cost:  0.0

ÀPARADA ANTICIPADA! El Top 50% (>=25 individuos) alcanzµ un Score <= 0.0000
[66/120] nhlv1/umda/mmu=True rep=5: acc=85% gen=10  (28.2min / ETA 23.0min)
Optimizador: UMDA
Modo de Fitness: REGRET
Reglas totales para evaluar precisiµn: 67
Reglas usadas para entrenar (Fitness): 13
Iniciando optimizaciµn...
IT:  0 	Best cost:  0.0
IT:  1 	Best cost:  0.0
IT:  2 	Best cost:  0.0
IT:  3 	Best cost:  0.0
IT:  4 	Best cost:  0.0
IT:  5 	Best cost:  0.0
IT:  6 	Best cost:  0.0

ÀPARADA ANTICIPADA! El Top 50% (>=25 individuos) alcanzµ un Score <= 0.0000
[67/120] nhlv1/umda/mmu=True rep=6: acc=81% gen=9  (30.2min / ETA 23.9min)
Optimizador: UMDA
Modo de Fitness: REGRET
Reglas totales para evaluar precisiµn: 67
Reglas usadas para entrenar (Fitness): 13
Iniciando optimizaciµn...
IT:  0 	Best cost:  0.5021197938786113
IT:  1 	Best cost:  0.002003779811907691
IT:  2 	Best cost:  0.002003779811907691
IT:  3 	Best cost:  0.002003779811907691
IT:  4 	Best cost:  0.002003779811907691
IT:  5 	Best cost:  0.002003779811907691
IT:  6 	Best cost:  0.002003779811907691
IT:  7 	Best cost:  0.002003779811907691
IT:  8 	Best cost:  0.002003779811907691
IT:  9 	Best cost:  0.002003779811907691
IT:  10 	Best cost:  0.0004266508966619398
IT:  11 	Best cost:  0.0003468099017407411
IT:  12 	Best cost:  0.0003468099017407411
IT:  13 	Best cost:  0.0
IT:  14 	Best cost:  0.0
IT:  15 	Best cost:  0.0
IT:  16 	Best cost:  0.0
IT:  17 	Best cost:  0.0
IT:  18 	Best cost:  0.0
IT:  19 	Best cost:  0.0
IT:  20 	Best cost:  0.0
IT:  21 	Best cost:  0.0
IT:  22 	Best cost:  0.0
IT:  23 	Best cost:  0.0
IT:  24 	Best cost:  0.0
IT:  25 	Best cost:  0.0
IT:  26 	Best cost:  0.0
IT:  27 	Best cost:  0.0
IT:  28 	Best cost:  0.0
IT:  29 	Best cost:  0.0
IT:  30 	Best cost:  0.0
IT:  31 	Best cost:  0.0
IT:  32 	Best cost:  0.0
Optimizaciµn terminada por fin natural (max_iter o dead_iter interno del optimizador).
[68/120] nhlv1/umda/mmu=True rep=7: acc=87% gen=35  (3054.9min / ETA 2336.1min)
Optimizador: UMDA
Modo de Fitness: REGRET
Reglas totales para evaluar precisiµn: 67
Reglas usadas para entrenar (Fitness): 13
Iniciando optimizaciµn...
IT:  0 	Best cost:  0.618772455907548
IT:  1 	Best cost:  0.618772455907548
IT:  2 	Best cost:  0.618772455907548
IT:  3 	Best cost:  0.16747344872000092
IT:  4 	Best cost:  0.16747344872000092
IT:  5 	Best cost:  0.028001947685838857
IT:  6 	Best cost:  0.024381945345037792
IT:  7 	Best cost:  0.024381945345037792
IT:  8 	Best cost:  0.013301318957246622
IT:  9 	Best cost:  0.0
IT:  10 	Best cost:  0.0
IT:  11 	Best cost:  0.0
IT:  12 	Best cost:  0.0
IT:  13 	Best cost:  0.0
IT:  14 	Best cost:  0.0
IT:  15 	Best cost:  0.0
IT:  16 	Best cost:  0.0
IT:  17 	Best cost:  0.0
IT:  18 	Best cost:  0.0
IT:  19 	Best cost:  0.0
IT:  20 	Best cost:  0.0
IT:  21 	Best cost:  0.0
IT:  22 	Best cost:  0.0
IT:  23 	Best cost:  0.0
IT:  24 	Best cost:  0.0
IT:  25 	Best cost:  0.0
IT:  26 	Best cost:  0.0
IT:  27 	Best cost:  0.0
IT:  28 	Best cost:  0.0
Optimizaciµn terminada por fin natural (max_iter o dead_iter interno del optimizador).
[69/120] nhlv1/umda/mmu=True rep=8: acc=82% gen=31  (3070.8min / ETA 2269.7min)
Optimizador: UMDA
Modo de Fitness: REGRET
Reglas totales para evaluar precisiµn: 67
Reglas usadas para entrenar (Fitness): 13
Iniciando optimizaciµn...
IT:  0 	Best cost:  0.6456503800482647
IT:  1 	Best cost:  0.2738968197637419
IT:  2 	Best cost:  0.26414242181440883
IT:  3 	Best cost:  0.11509783574037691
IT:  4 	Best cost:  0.11509783574037691
IT:  5 	Best cost:  0.02637631324255807
IT:  6 	Best cost:  0.01754874087590963
IT:  7 	Best cost:  0.01754874087590963
IT:  8 	Best cost:  0.01754874087590963
IT:  9 	Best cost:  0.013970873765476455
IT:  10 	Best cost:  0.013970873765476455
IT:  11 	Best cost:  0.009777025587546007
IT:  12 	Best cost:  0.005019237678684618
IT:  13 	Best cost:  0.0013954291819011644
IT:  14 	Best cost:  0.0013954291819011644
IT:  15 	Best cost:  0.0013954291819011644
IT:  16 	Best cost:  0.0013954291819011644
IT:  17 	Best cost:  0.0013954291819011644
IT:  18 	Best cost:  0.0013954291819011644
IT:  19 	Best cost:  0.001130563403938467
IT:  20 	Best cost:  0.0009006013367010013
IT:  21 	Best cost:  0.0005502475049414812
IT:  22 	Best cost:  0.0004497085713204285
IT:  23 	Best cost:  0.00031003945983165693
IT:  24 	Best cost:  0.00017578897021053308
IT:  25 	Best cost:  0.00013179877686297914
IT:  26 	Best cost:  7.145969874855496e-05
IT:  27 	Best cost:  5.9054614524711724e-05
IT:  28 	Best cost:  1.340107149339076e-05
IT:  29 	Best cost:  1.340107149339076e-05
IT:  30 	Best cost:  6.555634991300963e-06
IT:  31 	Best cost:  6.555634991300963e-06
IT:  32 	Best cost:  3.6256089810393632e-06
IT:  33 	Best cost:  0.0
IT:  34 	Best cost:  0.0
IT:  35 	Best cost:  0.0
IT:  36 	Best cost:  0.0
IT:  37 	Best cost:  0.0
IT:  38 	Best cost:  0.0
IT:  39 	Best cost:  0.0
IT:  40 	Best cost:  0.0
IT:  41 	Best cost:  0.0
IT:  42 	Best cost:  0.0
IT:  43 	Best cost:  0.0
IT:  44 	Best cost:  0.0
IT:  45 	Best cost:  0.0
IT:  46 	Best cost:  0.0
IT:  47 	Best cost:  0.0
IT:  48 	Best cost:  0.0
IT:  49 	Best cost:  0.0
IT:  50 	Best cost:  0.0
IT:  51 	Best cost:  0.0
IT:  52 	Best cost:  0.0
Optimizaciµn terminada por fin natural (max_iter o dead_iter interno del optimizador).
[70/120] nhlv1/umda/mmu=True rep=9: acc=84% gen=55  (6015.8min / ETA 4297.0min)
Optimizador: UMDA
Modo de Fitness: REGRET
Reglas totales para evaluar precisiµn: 67
Reglas usadas para entrenar (Fitness): 13
Iniciando optimizaciµn...
IT:  0 	Best cost:  0.0
IT:  1 	Best cost:  0.0
IT:  2 	Best cost:  0.0
IT:  3 	Best cost:  0.0
IT:  4 	Best cost:  0.0
IT:  5 	Best cost:  0.0
IT:  6 	Best cost:  0.0
IT:  7 	Best cost:  0.0
IT:  8 	Best cost:  0.0
IT:  9 	Best cost:  0.0
IT:  10 	Best cost:  0.0
IT:  11 	Best cost:  0.0

ÀPARADA ANTICIPADA! El Top 50% (>=25 individuos) alcanzµ un Score <= 0.0000
[71/120] nhlv1/umda/mmu=False rep=0: acc=82% gen=14  (6020.8min / ETA 4155.2min)
Optimizador: UMDA
Modo de Fitness: REGRET
Reglas totales para evaluar precisiµn: 67
Reglas usadas para entrenar (Fitness): 13
Iniciando optimizaciµn...
IT:  0 	Best cost:  0.09499078812877038
IT:  1 	Best cost:  0.06478311387131086
IT:  2 	Best cost:  0.06478311387131086
IT:  3 	Best cost:  0.06478311387131086
IT:  4 	Best cost:  0.06478311387131086
IT:  5 	Best cost:  0.002370415380458013
IT:  6 	Best cost:  0.002370415380458013
IT:  7 	Best cost:  0.002370415380458013
IT:  8 	Best cost:  0.002370415380458013
IT:  9 	Best cost:  0.002370415380458013
IT:  10 	Best cost:  0.002370415380458013
IT:  11 	Best cost:  0.002370415380458013
IT:  12 	Best cost:  0.002370415380458013
IT:  13 	Best cost:  0.002370415380458013
IT:  14 	Best cost:  0.002370415380458013
IT:  15 	Best cost:  0.002370415380458013
IT:  16 	Best cost:  0.0005620648118895843
IT:  17 	Best cost:  0.0005620648118895843
IT:  18 	Best cost:  0.0001889677965412062
IT:  19 	Best cost:  0.0
IT:  20 	Best cost:  0.0
IT:  21 	Best cost:  0.0
IT:  22 	Best cost:  0.0
IT:  23 	Best cost:  0.0
IT:  24 	Best cost:  0.0
IT:  25 	Best cost:  0.0
IT:  26 	Best cost:  0.0
IT:  27 	Best cost:  0.0
IT:  28 	Best cost:  0.0
IT:  29 	Best cost:  0.0
IT:  30 	Best cost:  0.0
IT:  31 	Best cost:  0.0
IT:  32 	Best cost:  0.0
IT:  33 	Best cost:  0.0
IT:  34 	Best cost:  0.0
IT:  35 	Best cost:  0.0
IT:  36 	Best cost:  0.0
IT:  37 	Best cost:  0.0
IT:  38 	Best cost:  0.0
Optimizaciµn terminada por fin natural (max_iter o dead_iter interno del optimizador).
[72/120] nhlv1/umda/mmu=False rep=1: acc=72% gen=41  (6031.8min / ETA 4021.2min)
Optimizador: UMDA
Modo de Fitness: REGRET
Reglas totales para evaluar precisiµn: 67
Reglas usadas para entrenar (Fitness): 13
Iniciando optimizaciµn...
IT:  0 	Best cost:  0.16361558453720093
IT:  1 	Best cost:  0.042316747524308695
IT:  2 	Best cost:  0.021045551280025165
IT:  3 	Best cost:  0.0
IT:  4 	Best cost:  0.0
IT:  5 	Best cost:  0.0
IT:  6 	Best cost:  0.0
IT:  7 	Best cost:  0.0
IT:  8 	Best cost:  0.0
IT:  9 	Best cost:  0.0
IT:  10 	Best cost:  0.0
IT:  11 	Best cost:  0.0

ÀPARADA ANTICIPADA! El Top 50% (>=25 individuos) alcanzµ un Score <= 0.0000
[73/120] nhlv1/umda/mmu=False rep=2: acc=88% gen=14  (6035.1min / ETA 3885.6min)
Optimizador: UMDA
Modo de Fitness: REGRET
Reglas totales para evaluar precisiµn: 67
Reglas usadas para entrenar (Fitness): 13
Iniciando optimizaciµn...
IT:  0 	Best cost:  0.0
IT:  1 	Best cost:  0.0
IT:  2 	Best cost:  0.0
IT:  3 	Best cost:  0.0
IT:  4 	Best cost:  0.0
IT:  5 	Best cost:  0.0
IT:  6 	Best cost:  0.0
IT:  7 	Best cost:  0.0
IT:  8 	Best cost:  0.0

ÀPARADA ANTICIPADA! El Top 50% (>=25 individuos) alcanzµ un Score <= 0.0000
[74/120] nhlv1/umda/mmu=False rep=3: acc=87% gen=11  (6037.7min / ETA 3753.2min)
Optimizador: UMDA
Modo de Fitness: REGRET
Reglas totales para evaluar precisiµn: 67
Reglas usadas para entrenar (Fitness): 13
Iniciando optimizaciµn...
IT:  0 	Best cost:  0.3358047447915027
IT:  1 	Best cost:  0.02708697197720511
IT:  2 	Best cost:  0.0010076371440863596
IT:  3 	Best cost:  0.0
IT:  4 	Best cost:  0.0
IT:  5 	Best cost:  0.0
IT:  6 	Best cost:  0.0
IT:  7 	Best cost:  0.0
IT:  8 	Best cost:  0.0
IT:  9 	Best cost:  0.0
IT:  10 	Best cost:  0.0
IT:  11 	Best cost:  0.0

ÀPARADA ANTICIPADA! El Top 50% (>=25 individuos) alcanzµ un Score <= 0.0000
[75/120] nhlv1/umda/mmu=False rep=4: acc=87% gen=14  (6041.2min / ETA 3624.7min)
Optimizador: UMDA
Modo de Fitness: REGRET
Reglas totales para evaluar precisiµn: 67
Reglas usadas para entrenar (Fitness): 13
Iniciando optimizaciµn...
IT:  0 	Best cost:  0.013623920652721111
IT:  1 	Best cost:  0.0
IT:  2 	Best cost:  0.0
IT:  3 	Best cost:  0.0
IT:  4 	Best cost:  0.0
IT:  5 	Best cost:  0.0
IT:  6 	Best cost:  0.0
IT:  7 	Best cost:  0.0
IT:  8 	Best cost:  0.0
IT:  9 	Best cost:  0.0
IT:  10 	Best cost:  0.0
IT:  11 	Best cost:  0.0

ÀPARADA ANTICIPADA! El Top 50% (>=25 individuos) alcanzµ un Score <= 0.0000
[76/120] nhlv1/umda/mmu=False rep=5: acc=88% gen=14  (6044.5min / ETA 3499.4min)
Optimizador: UMDA
Modo de Fitness: REGRET
Reglas totales para evaluar precisiµn: 67
Reglas usadas para entrenar (Fitness): 13
Iniciando optimizaciµn...
IT:  0 	Best cost:  0.003602175488783388
IT:  1 	Best cost:  0.0
IT:  2 	Best cost:  0.0
IT:  3 	Best cost:  0.0
IT:  4 	Best cost:  0.0
IT:  5 	Best cost:  0.0
IT:  6 	Best cost:  0.0

ÀPARADA ANTICIPADA! El Top 50% (>=25 individuos) alcanzµ un Score <= 0.0000
[77/120] nhlv1/umda/mmu=False rep=6: acc=84% gen=9  (6046.6min / ETA 3376.7min)
Optimizador: UMDA
Modo de Fitness: REGRET
Reglas totales para evaluar precisiµn: 67
Reglas usadas para entrenar (Fitness): 13
Iniciando optimizaciµn...
IT:  0 	Best cost:  1.3186783999905103
IT:  1 	Best cost:  0.49708488688481367
IT:  2 	Best cost:  0.49708488688481367
IT:  3 	Best cost:  0.2960295973455054
IT:  4 	Best cost:  0.2960295973455054
IT:  5 	Best cost:  0.05378228325469436
IT:  6 	Best cost:  0.05378228325469436
IT:  7 	Best cost:  0.022995450483515256
IT:  8 	Best cost:  0.022995450483515256
IT:  9 	Best cost:  0.022995450483515256
IT:  10 	Best cost:  0.021175254508763786
IT:  11 	Best cost:  0.0
IT:  12 	Best cost:  0.0
IT:  13 	Best cost:  0.0
IT:  14 	Best cost:  0.0
IT:  15 	Best cost:  0.0
IT:  16 	Best cost:  0.0
IT:  17 	Best cost:  0.0
IT:  18 	Best cost:  0.0
IT:  19 	Best cost:  0.0
IT:  20 	Best cost:  0.0
IT:  21 	Best cost:  0.0
IT:  22 	Best cost:  0.0
IT:  23 	Best cost:  0.0
IT:  24 	Best cost:  0.0
IT:  25 	Best cost:  0.0
IT:  26 	Best cost:  0.0
IT:  27 	Best cost:  0.0
IT:  28 	Best cost:  0.0
IT:  29 	Best cost:  0.0
IT:  30 	Best cost:  0.0
Optimizaciµn terminada por fin natural (max_iter o dead_iter interno del optimizador).
[78/120] nhlv1/umda/mmu=False rep=7: acc=87% gen=33  (6054.4min / ETA 3260.1min)
Optimizador: UMDA
Modo de Fitness: REGRET
Reglas totales para evaluar precisiµn: 67
Reglas usadas para entrenar (Fitness): 13
Iniciando optimizaciµn...
IT:  0 	Best cost:  0.16934542139820685
IT:  1 	Best cost:  0.0929533642555267
IT:  2 	Best cost:  0.0929533642555267
IT:  3 	Best cost:  0.010868142073897857
IT:  4 	Best cost:  0.000828918453825267
IT:  5 	Best cost:  0.000828918453825267
IT:  6 	Best cost:  0.000828918453825267
IT:  7 	Best cost:  0.0002621308401771216
IT:  8 	Best cost:  0.0
IT:  9 	Best cost:  0.0
IT:  10 	Best cost:  0.0
IT:  11 	Best cost:  0.0
IT:  12 	Best cost:  0.0
IT:  13 	Best cost:  0.0
IT:  14 	Best cost:  0.0
IT:  15 	Best cost:  0.0
IT:  16 	Best cost:  0.0
IT:  17 	Best cost:  0.0
IT:  18 	Best cost:  0.0
IT:  19 	Best cost:  0.0
IT:  20 	Best cost:  0.0
IT:  21 	Best cost:  0.0

ÀPARADA ANTICIPADA! El Top 50% (>=25 individuos) alcanzµ un Score <= 0.0000
[79/120] nhlv1/umda/mmu=False rep=8: acc=82% gen=24  (6060.2min / ETA 3145.2min)
Optimizador: UMDA
Modo de Fitness: REGRET
Reglas totales para evaluar precisiµn: 67
Reglas usadas para entrenar (Fitness): 13
Iniciando optimizaciµn...
IT:  0 	Best cost:  0.21374311882042996
IT:  1 	Best cost:  0.21374311882042996
IT:  2 	Best cost:  0.21374311882042996
IT:  3 	Best cost:  0.03788429122462311
IT:  4 	Best cost:  0.00324822078043141
IT:  5 	Best cost:  0.00324822078043141
IT:  6 	Best cost:  0.0005875171429199355
IT:  7 	Best cost:  0.0005875171429199355
IT:  8 	Best cost:  0.00042273684494276154
IT:  9 	Best cost:  9.720557032899535e-05
IT:  10 	Best cost:  0.0
IT:  11 	Best cost:  0.0
IT:  12 	Best cost:  0.0
IT:  13 	Best cost:  0.0
IT:  14 	Best cost:  0.0
IT:  15 	Best cost:  0.0
IT:  16 	Best cost:  0.0
IT:  17 	Best cost:  0.0
IT:  18 	Best cost:  0.0
IT:  19 	Best cost:  0.0
IT:  20 	Best cost:  0.0
IT:  21 	Best cost:  0.0
IT:  22 	Best cost:  0.0
IT:  23 	Best cost:  0.0
IT:  24 	Best cost:  0.0
IT:  25 	Best cost:  0.0
IT:  26 	Best cost:  0.0
IT:  27 	Best cost:  0.0
IT:  28 	Best cost:  0.0
IT:  29 	Best cost:  0.0
Optimizaciµn terminada por fin natural (max_iter o dead_iter interno del optimizador).
[80/120] nhlv1/umda/mmu=False rep=9: acc=87% gen=32  (6068.1min / ETA 3034.1min)
Optimizador: EMNA
Modo de Fitness: REGRET
Reglas totales para evaluar precisiµn: 67
Reglas usadas para entrenar (Fitness): 13
Iniciando optimizaciµn...
IT:  0 	Best cost:  0.027476684141035435
IT:  1 	Best cost:  0.0
IT:  2 	Best cost:  0.0
IT:  3 	Best cost:  0.0
IT:  4 	Best cost:  0.0
IT:  5 	Best cost:  0.0
IT:  6 	Best cost:  0.0

ÀPARADA ANTICIPADA! El Top 50% (>=25 individuos) alcanzµ un Score <= 0.0000
[81/120] nhlv1/emna/mmu=True rep=0: acc=99% gen=9  (6070.3min / ETA 2922.7min)
Optimizador: EMNA
Modo de Fitness: REGRET
Reglas totales para evaluar precisiµn: 67
Reglas usadas para entrenar (Fitness): 13
Iniciando optimizaciµn...
IT:  0 	Best cost:  0.015735824531992293
IT:  1 	Best cost:  0.015735824531992293
IT:  2 	Best cost:  0.0008302618736237832
IT:  3 	Best cost:  4.752332496593681e-05
IT:  4 	Best cost:  1.9007423581740568e-06
IT:  5 	Best cost:  3.5467468961769555e-09
IT:  6 	Best cost:  7.110756428119203e-12
IT:  7 	Best cost:  7.110756428119203e-12
IT:  8 	Best cost:  7.110756428119203e-12

ÀPARADA ANTICIPADA! El Top 50% (>=25 individuos) alcanzµ un Score <= 0.0000
[82/120] nhlv1/emna/mmu=True rep=1: acc=100% gen=11  (6072.8min / ETA 2814.2min)
Optimizador: EMNA
Modo de Fitness: REGRET
Reglas totales para evaluar precisiµn: 67
Reglas usadas para entrenar (Fitness): 13
Iniciando optimizaciµn...
IT:  0 	Best cost:  0.07679167745424209
IT:  1 	Best cost:  0.05311662785347693
IT:  2 	Best cost:  0.0013797633033334478
IT:  3 	Best cost:  0.0
IT:  4 	Best cost:  0.0
IT:  5 	Best cost:  0.0
IT:  6 	Best cost:  0.0
IT:  7 	Best cost:  0.0
IT:  8 	Best cost:  0.0
IT:  9 	Best cost:  0.0
IT:  10 	Best cost:  0.0

ÀPARADA ANTICIPADA! El Top 50% (>=25 individuos) alcanzµ un Score <= 0.0000
[83/120] nhlv1/emna/mmu=True rep=2: acc=99% gen=13  (6075.7min / ETA 2708.5min)
Optimizador: EMNA
Modo de Fitness: REGRET
Reglas totales para evaluar precisiµn: 67
Reglas usadas para entrenar (Fitness): 13
Iniciando optimizaciµn...
IT:  0 	Best cost:  0.0
IT:  1 	Best cost:  0.0
IT:  2 	Best cost:  0.0
IT:  3 	Best cost:  0.0
IT:  4 	Best cost:  0.0
IT:  5 	Best cost:  0.0
IT:  6 	Best cost:  0.0
IT:  7 	Best cost:  0.0
IT:  8 	Best cost:  0.0
IT:  9 	Best cost:  0.0
IT:  10 	Best cost:  0.0

ÀPARADA ANTICIPADA! El Top 50% (>=25 individuos) alcanzµ un Score <= 0.0000
[84/120] nhlv1/emna/mmu=True rep=3: acc=100% gen=13  (6078.8min / ETA 2605.2min)
Optimizador: EMNA
Modo de Fitness: REGRET
Reglas totales para evaluar precisiµn: 67
Reglas usadas para entrenar (Fitness): 13
Iniciando optimizaciµn...
IT:  0 	Best cost:  0.17707479855920738
IT:  1 	Best cost:  0.1291661151892356
IT:  2 	Best cost:  0.019533952168137247
IT:  3 	Best cost:  0.019533952168137247
IT:  4 	Best cost:  0.003109244994250915
IT:  5 	Best cost:  0.0001241656436228311
IT:  6 	Best cost:  1.0262371326064113e-06
IT:  7 	Best cost:  3.1029401270643575e-11
IT:  8 	Best cost:  3.1029401270643575e-11
IT:  9 	Best cost:  3.1029401270643575e-11
IT:  10 	Best cost:  4.071409875905374e-12
IT:  11 	Best cost:  7.105427357601002e-15

ÀPARADA ANTICIPADA! El Top 50% (>=25 individuos) alcanzµ un Score <= 0.0000
[85/120] nhlv1/emna/mmu=True rep=4: acc=100% gen=14  (6082.0min / ETA 2504.4min)
Optimizador: EMNA
Modo de Fitness: REGRET
Reglas totales para evaluar precisiµn: 67
Reglas usadas para entrenar (Fitness): 13
Iniciando optimizaciµn...
IT:  0 	Best cost:  0.04827222821177024
IT:  1 	Best cost:  0.0
IT:  2 	Best cost:  0.0
IT:  3 	Best cost:  0.0
IT:  4 	Best cost:  0.0
IT:  5 	Best cost:  0.0
IT:  6 	Best cost:  0.0
IT:  7 	Best cost:  0.0
IT:  8 	Best cost:  0.0

ÀPARADA ANTICIPADA! El Top 50% (>=25 individuos) alcanzµ un Score <= 0.0000
[86/120] nhlv1/emna/mmu=True rep=5: acc=99% gen=11  (6084.5min / ETA 2405.5min)
Optimizador: EMNA
Modo de Fitness: REGRET
Reglas totales para evaluar precisiµn: 67
Reglas usadas para entrenar (Fitness): 13
Iniciando optimizaciµn...
IT:  0 	Best cost:  0.0
IT:  1 	Best cost:  0.0
IT:  2 	Best cost:  0.0
IT:  3 	Best cost:  0.0
IT:  4 	Best cost:  0.0
IT:  5 	Best cost:  0.0
IT:  6 	Best cost:  0.0

ÀPARADA ANTICIPADA! El Top 50% (>=25 individuos) alcanzµ un Score <= 0.0000
[87/120] nhlv1/emna/mmu=True rep=6: acc=96% gen=9  (6096.8min / ETA 2312.6min)
Optimizador: EMNA
Modo de Fitness: REGRET
Reglas totales para evaluar precisiµn: 67
Reglas usadas para entrenar (Fitness): 13
Iniciando optimizaciµn...
IT:  0 	Best cost:  0.10176770581546357
IT:  1 	Best cost:  0.00557458261764765
IT:  2 	Best cost:  2.179181857719925e-05
IT:  3 	Best cost:  2.179181857719925e-05
IT:  4 	Best cost:  1.6399080795537202e-06
IT:  5 	Best cost:  2.912861400972133e-07
IT:  6 	Best cost:  3.9778678129209766e-08
IT:  7 	Best cost:  5.096609356769477e-09
IT:  8 	Best cost:  3.187238917234936e-09
IT:  9 	Best cost:  4.4586556668946287e-13

ÀPARADA ANTICIPADA! El Top 50% (>=25 individuos) alcanzµ un Score <= 0.0000
[88/120] nhlv1/emna/mmu=True rep=7: acc=100% gen=12  (6099.9min / ETA 2218.1min)
Optimizador: EMNA
Modo de Fitness: REGRET
Reglas totales para evaluar precisiµn: 67
Reglas usadas para entrenar (Fitness): 13
Iniciando optimizaciµn...
IT:  0 	Best cost:  0.0008526481947992437
IT:  1 	Best cost:  0.0008526481947992437
IT:  2 	Best cost:  3.2108562443511346e-05
IT:  3 	Best cost:  3.2108562443511346e-05
IT:  4 	Best cost:  3.2108562443511346e-05
IT:  5 	Best cost:  3.8995283624387866e-07
IT:  6 	Best cost:  4.254200547393339e-09
IT:  7 	Best cost:  2.530461173932963e-09
IT:  8 	Best cost:  9.247003163181944e-11

ÀPARADA ANTICIPADA! El Top 50% (>=25 individuos) alcanzµ un Score <= 0.0000
[89/120] nhlv1/emna/mmu=True rep=8: acc=100% gen=11  (6106.3min / ETA 2126.9min)
Optimizador: EMNA
Modo de Fitness: REGRET
Reglas totales para evaluar precisiµn: 67
Reglas usadas para entrenar (Fitness): 13
Iniciando optimizaciµn...
IT:  0 	Best cost:  0.14190403567284093
IT:  1 	Best cost:  0.02329258824089031
IT:  2 	Best cost:  0.0001575870642565036
IT:  3 	Best cost:  0.0001575870642565036
IT:  4 	Best cost:  8.883589980968054e-06
IT:  5 	Best cost:  8.883589980968054e-06
IT:  6 	Best cost:  1.4928916769463285e-08
IT:  7 	Best cost:  1.4928916769463285e-08
IT:  8 	Best cost:  6.850454425944008e-09
IT:  9 	Best cost:  1.298516849601583e-12

ÀPARADA ANTICIPADA! El Top 50% (>=25 individuos) alcanzµ un Score <= 0.0000
[90/120] nhlv1/emna/mmu=True rep=9: acc=100% gen=12  (6112.6min / ETA 2037.5min)
Optimizador: EMNA
Modo de Fitness: REGRET
Reglas totales para evaluar precisiµn: 67
Reglas usadas para entrenar (Fitness): 13
Iniciando optimizaciµn...
IT:  0 	Best cost:  0.0
IT:  1 	Best cost:  0.0
IT:  2 	Best cost:  0.0
IT:  3 	Best cost:  0.0
IT:  4 	Best cost:  0.0
IT:  5 	Best cost:  0.0
IT:  6 	Best cost:  0.0
IT:  7 	Best cost:  0.0
IT:  8 	Best cost:  0.0

ÀPARADA ANTICIPADA! El Top 50% (>=25 individuos) alcanzµ un Score <= 0.0000
[91/120] nhlv1/emna/mmu=False rep=0: acc=100% gen=11  (6115.4min / ETA 1948.9min)
Optimizador: EMNA
Modo de Fitness: REGRET
Reglas totales para evaluar precisiµn: 67
Reglas usadas para entrenar (Fitness): 13
Iniciando optimizaciµn...
IT:  0 	Best cost:  0.03805122921854043
IT:  1 	Best cost:  0.030530781230458715
IT:  2 	Best cost:  0.0045714294292587
IT:  3 	Best cost:  0.00014548337505182474
IT:  4 	Best cost:  2.726076115067144e-06
IT:  5 	Best cost:  2.726076115067144e-06
IT:  6 	Best cost:  3.9386922168205274e-08
IT:  7 	Best cost:  1.5118573060135532e-11

ÀPARADA ANTICIPADA! El Top 50% (>=25 individuos) alcanzµ un Score <= 0.0000
[92/120] nhlv1/emna/mmu=False rep=1: acc=100% gen=10  (6119.2min / ETA 1862.4min)
Optimizador: EMNA
Modo de Fitness: REGRET
Reglas totales para evaluar precisiµn: 67
Reglas usadas para entrenar (Fitness): 13
Iniciando optimizaciµn...
IT:  0 	Best cost:  0.4268035145013833
IT:  1 	Best cost:  0.02831602370061148
IT:  2 	Best cost:  0.0071751247375111404
IT:  3 	Best cost:  0.0008506653369604322
IT:  4 	Best cost:  0.0
IT:  5 	Best cost:  0.0
IT:  6 	Best cost:  0.0
IT:  7 	Best cost:  0.0
IT:  8 	Best cost:  0.0
IT:  9 	Best cost:  0.0
IT:  10 	Best cost:  0.0
IT:  11 	Best cost:  0.0
IT:  12 	Best cost:  0.0

ÀPARADA ANTICIPADA! El Top 50% (>=25 individuos) alcanzµ un Score <= 0.0000
[93/120] nhlv1/emna/mmu=False rep=2: acc=100% gen=15  (6125.6min / ETA 1778.4min)
Optimizador: EMNA
Modo de Fitness: REGRET
Reglas totales para evaluar precisiµn: 67
Reglas usadas para entrenar (Fitness): 13
Iniciando optimizaciµn...
IT:  0 	Best cost:  0.0
IT:  1 	Best cost:  0.0
IT:  2 	Best cost:  0.0
IT:  3 	Best cost:  0.0
IT:  4 	Best cost:  0.0
IT:  5 	Best cost:  0.0
IT:  6 	Best cost:  0.0
IT:  7 	Best cost:  0.0
IT:  8 	Best cost:  0.0
IT:  9 	Best cost:  0.0
IT:  10 	Best cost:  0.0

ÀPARADA ANTICIPADA! El Top 50% (>=25 individuos) alcanzµ un Score <= 0.0000
[94/120] nhlv1/emna/mmu=False rep=3: acc=100% gen=13  (6129.2min / ETA 1695.3min)
Optimizador: EMNA
Modo de Fitness: REGRET
Reglas totales para evaluar precisiµn: 67
Reglas usadas para entrenar (Fitness): 13
Iniciando optimizaciµn...
IT:  0 	Best cost:  0.16339477545712278
IT:  1 	Best cost:  0.055678239464464596
IT:  2 	Best cost:  0.012415758943935984
IT:  3 	Best cost:  0.00039046601591685715
IT:  4 	Best cost:  0.0002483564113866521
IT:  5 	Best cost:  2.2767745992524624e-05
IT:  6 	Best cost:  2.3543940130821284e-08
IT:  7 	Best cost:  2.3543940130821284e-08
IT:  8 	Best cost:  3.075026455690022e-09
IT:  9 	Best cost:  3.075026455690022e-09
IT:  10 	Best cost:  0.0
IT:  11 	Best cost:  0.0

ÀPARADA ANTICIPADA! El Top 50% (>=25 individuos) alcanzµ un Score <= 0.0000
[95/120] nhlv1/emna/mmu=False rep=4: acc=100% gen=14  (6136.5min / ETA 1614.9min)
Optimizador: EMNA
Modo de Fitness: REGRET
Reglas totales para evaluar precisiµn: 67
Reglas usadas para entrenar (Fitness): 13
Iniciando optimizaciµn...
IT:  0 	Best cost:  0.01916351865826016
IT:  1 	Best cost:  0.01916351865826016
IT:  2 	Best cost:  3.437430398633978e-05
IT:  3 	Best cost:  1.976394260694292e-06
IT:  4 	Best cost:  0.0
IT:  5 	Best cost:  0.0
IT:  6 	Best cost:  0.0
IT:  7 	Best cost:  0.0
IT:  8 	Best cost:  0.0
IT:  9 	Best cost:  0.0
IT:  10 	Best cost:  0.0
IT:  11 	Best cost:  0.0

ÀPARADA ANTICIPADA! El Top 50% (>=25 individuos) alcanzµ un Score <= 0.0000
[96/120] nhlv1/emna/mmu=False rep=5: acc=100% gen=14  (6144.4min / ETA 1536.1min)C:\Users\sergi\AppData\Local\Programs\Python\Python313\Lib\site-packages\pgmpy\estimators\__init__.py:4: FutureWarning: `pgmpy.estimators.StructureScore` is deprecated and will be removed in a future release. Use `pgmpy.structure_score` instead.
  from .StructureScore import (
