C:\Users\sergi\AppData\Local\Programs\Python\Python313\Lib\site-packages\pgmpy\estimators\__init__.py:4: FutureWarning: `pgmpy.estimators.StructureScore` is deprecated and will be removed in a future release. Use `pgmpy.structure_score` instead.
  from .StructureScore import (
C:\Users\sergi\AppData\Local\Programs\Python\Python313\Lib\site-packages\EDAspy\optimization\custom\probabilistic_models\multivariate_gaussian.py:42: RuntimeWarning: covariance is not symmetric positive-semidefinite.
  return np.random.multivariate_normal(self.pm_means, self.pm_cov, size)
Optimizador: EMNA
Modo de Fitness: MARGIN
Reglas totales para evaluar precisión: 20
Reglas usadas para entrenar (Fitness): 4
Iniciando optimización...
IT:  0 	Best cost:  0.10315409711836576
IT:  1 	Best cost:  0.0
IT:  2 	Best cost:  0.0
IT:  3 	Best cost:  0.0
IT:  4 	Best cost:  0.0
IT:  5 	Best cost:  0.0
IT:  6 	Best cost:  0.0
IT:  7 	Best cost:  0.0
IT:  8 	Best cost:  0.0
IT:  9 	Best cost:  0.0
IT:  10 	Best cost:  0.0
IT:  11 	Best cost:  0.0
IT:  12 	Best cost:  0.0
IT:  13 	Best cost:  0.0

ˇPARADA ANTICIPADA! El Top 50% (>=25 individuos) alcanzó un Score <= 0.0000
[1/45] alpha=0.25 elite=0.0 rep=0 -> acc=90%  (1s / ETA 55s)
Optimizador: EMNA
Modo de Fitness: MARGIN
Reglas totales para evaluar precisión: 20
Reglas usadas para entrenar (Fitness): 4
Iniciando optimización...
IT:  0 	Best cost:  0.0
IT:  1 	Best cost:  0.0
IT:  2 	Best cost:  0.0
IT:  3 	Best cost:  0.0
IT:  4 	Best cost:  0.0
IT:  5 	Best cost:  0.0
IT:  6 	Best cost:  0.0
IT:  7 	Best cost:  0.0
IT:  8 	Best cost:  0.0
IT:  9 	Best cost:  0.0
IT:  10 	Best cost:  0.0
IT:  11 	Best cost:  0.0
IT:  12 	Best cost:  0.0
IT:  13 	Best cost:  0.0
IT:  14 	Best cost:  0.0
IT:  15 	Best cost:  0.0
IT:  16 	Best cost:  0.0
IT:  17 	Best cost:  0.0
IT:  18 	Best cost:  0.0
IT:  19 	Best cost:  0.0
Optimización terminada por fin natural (max_iter o dead_iter interno del optimizador).
[2/45] alpha=0.25 elite=0.0 rep=1 -> acc=95%  (3s / ETA 72s)
Optimizador: EMNA
Modo de Fitness: MARGIN
Reglas totales para evaluar precisión: 20
Reglas usadas para entrenar (Fitness): 4
Iniciando optimización...
IT:  0 	Best cost:  0.0
IT:  1 	Best cost:  0.0
IT:  2 	Best cost:  0.0
IT:  3 	Best cost:  0.0
IT:  4 	Best cost:  0.0
IT:  5 	Best cost:  0.0
IT:  6 	Best cost:  0.0
IT:  7 	Best cost:  0.0
IT:  8 	Best cost:  0.0
IT:  9 	Best cost:  0.0
IT:  10 	Best cost:  0.0
IT:  11 	Best cost:  0.0
IT:  12 	Best cost:  0.0
IT:  13 	Best cost:  0.0
IT:  14 	Best cost:  0.0
IT:  15 	Best cost:  0.0
IT:  16 	Best cost:  0.0
IT:  17 	Best cost:  0.0
IT:  18 	Best cost:  0.0
IT:  19 	Best cost:  0.0
Optimización terminada por fin natural (max_iter o dead_iter interno del optimizador).
[3/45] alpha=0.25 elite=0.0 rep=2 -> acc=95%  (6s / ETA 88s)
Optimizador: EMNA
Modo de Fitness: MARGIN
Reglas totales para evaluar precisión: 20
Reglas usadas para entrenar (Fitness): 4
Iniciando optimización...
IT:  0 	Best cost:  0.06312996447350328
IT:  1 	Best cost:  0.06312996447350328
IT:  2 	Best cost:  0.0
IT:  3 	Best cost:  0.0
IT:  4 	Best cost:  0.0
IT:  5 	Best cost:  0.0
IT:  6 	Best cost:  0.0
IT:  7 	Best cost:  0.0
IT:  8 	Best cost:  0.0
IT:  9 	Best cost:  0.0
IT:  10 	Best cost:  0.0
IT:  11 	Best cost:  0.0
IT:  12 	Best cost:  0.0
IT:  13 	Best cost:  0.0
IT:  14 	Best cost:  0.0
IT:  15 	Best cost:  0.0
IT:  16 	Best cost:  0.0
IT:  17 	Best cost:  0.0
IT:  18 	Best cost:  0.0
IT:  19 	Best cost:  0.0
IT:  20 	Best cost:  0.0
IT:  21 	Best cost:  0.0

ˇPARADA ANTICIPADA! El Top 50% (>=25 individuos) alcanzó un Score <= 0.0000
[4/45] alpha=0.25 elite=0.0 rep=3 -> acc=95%  (9s / ETA 90s)
Optimizador: EMNA
Modo de Fitness: MARGIN
Reglas totales para evaluar precisión: 20
Reglas usadas para entrenar (Fitness): 4
Iniciando optimización...
IT:  0 	Best cost:  0.37906170649088033
IT:  1 	Best cost:  0.0
IT:  2 	Best cost:  0.0
IT:  3 	Best cost:  0.0
IT:  4 	Best cost:  0.0
IT:  5 	Best cost:  0.0
IT:  6 	Best cost:  0.0
IT:  7 	Best cost:  0.0
IT:  8 	Best cost:  0.0
IT:  9 	Best cost:  0.0
IT:  10 	Best cost:  0.0
IT:  11 	Best cost:  0.0
IT:  12 	Best cost:  0.0
IT:  13 	Best cost:  0.0
IT:  14 	Best cost:  0.0
IT:  15 	Best cost:  0.0
IT:  16 	Best cost:  0.0
IT:  17 	Best cost:  0.0
IT:  18 	Best cost:  0.0

ˇPARADA ANTICIPADA! El Top 50% (>=25 individuos) alcanzó un Score <= 0.0000
[5/45] alpha=0.25 elite=0.0 rep=4 -> acc=90%  (11s / ETA 89s)
Optimizador: EMNA
Modo de Fitness: MARGIN
Reglas totales para evaluar precisión: 20
Reglas usadas para entrenar (Fitness): 4
Iniciando optimización...
IT:  0 	Best cost:  0.10315409711836576
IT:  1 	Best cost:  0.0
IT:  2 	Best cost:  0.0
IT:  3 	Best cost:  0.0
IT:  4 	Best cost:  0.0
IT:  5 	Best cost:  0.0
IT:  6 	Best cost:  0.0
IT:  7 	Best cost:  0.0
IT:  8 	Best cost:  0.0
IT:  9 	Best cost:  0.0
IT:  10 	Best cost:  0.0

ˇPARADA ANTICIPADA! El Top 50% (>=25 individuos) alcanzó un Score <= 0.0000
[6/45] alpha=0.25 elite=0.1 rep=0 -> acc=95%  (12s / ETA 81s)
Optimizador: EMNA
Modo de Fitness: MARGIN
Reglas totales para evaluar precisión: 20
Reglas usadas para entrenar (Fitness): 4
Iniciando optimización...
IT:  0 	Best cost:  0.0
IT:  1 	Best cost:  0.0
IT:  2 	Best cost:  0.0
IT:  3 	Best cost:  0.0
IT:  4 	Best cost:  0.0
IT:  5 	Best cost:  0.0
IT:  6 	Best cost:  0.0
IT:  7 	Best cost:  0.0
IT:  8 	Best cost:  0.0
IT:  9 	Best cost:  0.0
IT:  10 	Best cost:  0.0
IT:  11 	Best cost:  0.0
IT:  12 	Best cost:  0.0
IT:  13 	Best cost:  0.0
IT:  14 	Best cost:  0.0
IT:  15 	Best cost:  0.0
IT:  16 	Best cost:  0.0
IT:  17 	Best cost:  0.0
IT:  18 	Best cost:  0.0
IT:  19 	Best cost:  0.0

ˇPARADA ANTICIPADA! El Top 50% (>=25 individuos) alcanzó un Score <= 0.0000
[7/45] alpha=0.25 elite=0.1 rep=1 -> acc=100%  (14s / ETA 76s)
Optimizador: EMNA
Modo de Fitness: MARGIN
Reglas totales para evaluar precisión: 20
Reglas usadas para entrenar (Fitness): 4
Iniciando optimización...
IT:  0 	Best cost:  0.0
IT:  1 	Best cost:  0.0
IT:  2 	Best cost:  0.0
IT:  3 	Best cost:  0.0
IT:  4 	Best cost:  0.0
IT:  5 	Best cost:  0.0
IT:  6 	Best cost:  0.0
IT:  7 	Best cost:  0.0
IT:  8 	Best cost:  0.0
IT:  9 	Best cost:  0.0
IT:  10 	Best cost:  0.0
IT:  11 	Best cost:  0.0
IT:  12 	Best cost:  0.0
IT:  13 	Best cost:  0.0
IT:  14 	Best cost:  0.0
IT:  15 	Best cost:  0.0
IT:  16 	Best cost:  0.0
IT:  17 	Best cost:  0.0
IT:  18 	Best cost:  0.0
IT:  19 	Best cost:  0.0
Optimización terminada por fin natural (max_iter o dead_iter interno del optimizador).
[8/45] alpha=0.25 elite=0.1 rep=2 -> acc=85%  (15s / ETA 71s)
Optimizador: EMNA
Modo de Fitness: MARGIN
Reglas totales para evaluar precisión: 20
Reglas usadas para entrenar (Fitness): 4
Iniciando optimización...
IT:  0 	Best cost:  0.06312996447350328
IT:  1 	Best cost:  0.0
IT:  2 	Best cost:  0.0
IT:  3 	Best cost:  0.0
IT:  4 	Best cost:  0.0
IT:  5 	Best cost:  0.0
IT:  6 	Best cost:  0.0
IT:  7 	Best cost:  0.0
IT:  8 	Best cost:  0.0
IT:  9 	Best cost:  0.0
IT:  10 	Best cost:  0.0
IT:  11 	Best cost:  0.0
IT:  12 	Best cost:  0.0
IT:  13 	Best cost:  0.0
IT:  14 	Best cost:  0.0
IT:  15 	Best cost:  0.0
IT:  16 	Best cost:  0.0
IT:  17 	Best cost:  0.0
IT:  18 	Best cost:  0.0
IT:  19 	Best cost:  0.0
IT:  20 	Best cost:  0.0
Optimización terminada por fin natural (max_iter o dead_iter interno del optimizador).
[9/45] alpha=0.25 elite=0.1 rep=3 -> acc=95%  (17s / ETA 70s)
Optimizador: EMNA
Modo de Fitness: MARGIN
Reglas totales para evaluar precisión: 20
Reglas usadas para entrenar (Fitness): 4
Iniciando optimización...
IT:  0 	Best cost:  0.37906170649088033
IT:  1 	Best cost:  0.0
IT:  2 	Best cost:  0.0
IT:  3 	Best cost:  0.0
IT:  4 	Best cost:  0.0
IT:  5 	Best cost:  0.0
IT:  6 	Best cost:  0.0

ˇPARADA ANTICIPADA! El Top 50% (>=25 individuos) alcanzó un Score <= 0.0000
[10/45] alpha=0.25 elite=0.1 rep=4 -> acc=95%  (18s / ETA 63s)
Optimizador: EMNA
Modo de Fitness: MARGIN
Reglas totales para evaluar precisión: 20
Reglas usadas para entrenar (Fitness): 4
Iniciando optimización...
IT:  0 	Best cost:  0.10315409711836576
IT:  1 	Best cost:  0.0
IT:  2 	Best cost:  0.0
IT:  3 	Best cost:  0.0
IT:  4 	Best cost:  0.0

ˇPARADA ANTICIPADA! El Top 50% (>=25 individuos) alcanzó un Score <= 0.0000
[11/45] alpha=0.25 elite=0.2 rep=0 -> acc=85%  (19s / ETA 57s)
Optimizador: EMNA
Modo de Fitness: MARGIN
Reglas totales para evaluar precisión: 20
Reglas usadas para entrenar (Fitness): 4
Iniciando optimización...
IT:  0 	Best cost:  0.0
IT:  1 	Best cost:  0.0
IT:  2 	Best cost:  0.0
IT:  3 	Best cost:  0.0
IT:  4 	Best cost:  0.0
IT:  5 	Best cost:  0.0
IT:  6 	Best cost:  0.0
IT:  7 	Best cost:  0.0
IT:  8 	Best cost:  0.0
IT:  9 	Best cost:  0.0
IT:  10 	Best cost:  0.0
IT:  11 	Best cost:  0.0
IT:  12 	Best cost:  0.0
IT:  13 	Best cost:  0.0
IT:  14 	Best cost:  0.0
IT:  15 	Best cost:  0.0

ˇPARADA ANTICIPADA! El Top 50% (>=25 individuos) alcanzó un Score <= 0.0000
[12/45] alpha=0.25 elite=0.2 rep=1 -> acc=100%  (20s / ETA 55s)
Optimizador: EMNA
Modo de Fitness: MARGIN
Reglas totales para evaluar precisión: 20
Reglas usadas para entrenar (Fitness): 4
Iniciando optimización...
IT:  0 	Best cost:  0.0
IT:  1 	Best cost:  0.0
IT:  2 	Best cost:  0.0
IT:  3 	Best cost:  0.0
IT:  4 	Best cost:  0.0
IT:  5 	Best cost:  0.0
IT:  6 	Best cost:  0.0
IT:  7 	Best cost:  0.0
IT:  8 	Best cost:  0.0
IT:  9 	Best cost:  0.0
IT:  10 	Best cost:  0.0
IT:  11 	Best cost:  0.0
IT:  12 	Best cost:  0.0
IT:  13 	Best cost:  0.0
IT:  14 	Best cost:  0.0
IT:  15 	Best cost:  0.0
IT:  16 	Best cost:  0.0
IT:  17 	Best cost:  0.0
IT:  18 	Best cost:  0.0
IT:  19 	Best cost:  0.0
Optimización terminada por fin natural (max_iter o dead_iter interno del optimizador).
[13/45] alpha=0.25 elite=0.2 rep=2 -> acc=90%  (21s / ETA 53s)
Optimizador: EMNA
Modo de Fitness: MARGIN
Reglas totales para evaluar precisión: 20
Reglas usadas para entrenar (Fitness): 4
Iniciando optimización...
IT:  0 	Best cost:  0.06312996447350328
IT:  1 	Best cost:  0.0
IT:  2 	Best cost:  0.0
IT:  3 	Best cost:  0.0
IT:  4 	Best cost:  0.0
IT:  5 	Best cost:  0.0
IT:  6 	Best cost:  0.0
IT:  7 	Best cost:  0.0
IT:  8 	Best cost:  0.0
IT:  9 	Best cost:  0.0
IT:  10 	Best cost:  0.0
IT:  11 	Best cost:  0.0
IT:  12 	Best cost:  0.0
IT:  13 	Best cost:  0.0
IT:  14 	Best cost:  0.0
IT:  15 	Best cost:  0.0
IT:  16 	Best cost:  0.0
IT:  17 	Best cost:  0.0
IT:  18 	Best cost:  0.0
IT:  19 	Best cost:  0.0
IT:  20 	Best cost:  0.0
Optimización terminada por fin natural (max_iter o dead_iter interno del optimizador).
[14/45] alpha=0.25 elite=0.2 rep=3 -> acc=85%  (23s / ETA 51s)
Optimizador: EMNA
Modo de Fitness: MARGIN
Reglas totales para evaluar precisión: 20
Reglas usadas para entrenar (Fitness): 4
Iniciando optimización...
IT:  0 	Best cost:  0.37906170649088033
IT:  1 	Best cost:  0.0
IT:  2 	Best cost:  0.0
IT:  3 	Best cost:  0.0
IT:  4 	Best cost:  0.0
IT:  5 	Best cost:  0.0
IT:  6 	Best cost:  0.0
IT:  7 	Best cost:  0.0
IT:  8 	Best cost:  0.0
IT:  9 	Best cost:  0.0
IT:  10 	Best cost:  0.0
IT:  11 	Best cost:  0.0
IT:  12 	Best cost:  0.0
IT:  13 	Best cost:  0.0
IT:  14 	Best cost:  0.0
IT:  15 	Best cost:  0.0
IT:  16 	Best cost:  0.0

ˇPARADA ANTICIPADA! El Top 50% (>=25 individuos) alcanzó un Score <= 0.0000
[15/45] alpha=0.25 elite=0.2 rep=4 -> acc=85%  (24s / ETA 48s)
Optimizador: EMNA
Modo de Fitness: MARGIN
Reglas totales para evaluar precisión: 20
Reglas usadas para entrenar (Fitness): 4
Iniciando optimización...
IT:  0 	Best cost:  0.0
IT:  1 	Best cost:  0.0
IT:  2 	Best cost:  0.0
IT:  3 	Best cost:  0.0
IT:  4 	Best cost:  0.0
IT:  5 	Best cost:  0.0
IT:  6 	Best cost:  0.0
IT:  7 	Best cost:  0.0
IT:  8 	Best cost:  0.0
IT:  9 	Best cost:  0.0
IT:  10 	Best cost:  0.0
IT:  11 	Best cost:  0.0
IT:  12 	Best cost:  0.0
IT:  13 	Best cost:  0.0
IT:  14 	Best cost:  0.0
IT:  15 	Best cost:  0.0
IT:  16 	Best cost:  0.0
IT:  17 	Best cost:  0.0
IT:  18 	Best cost:  0.0
IT:  19 	Best cost:  0.0
Optimización terminada por fin natural (max_iter o dead_iter interno del optimizador).
[16/45] alpha=0.5 elite=0.0 rep=0 -> acc=85%  (26s / ETA 47s)
Optimizador: EMNA
Modo de Fitness: MARGIN
Reglas totales para evaluar precisión: 20
Reglas usadas para entrenar (Fitness): 4
Iniciando optimización...
IT:  0 	Best cost:  0.0
IT:  1 	Best cost:  0.0
IT:  2 	Best cost:  0.0
IT:  3 	Best cost:  0.0
IT:  4 	Best cost:  0.0
IT:  5 	Best cost:  0.0
IT:  6 	Best cost:  0.0
IT:  7 	Best cost:  0.0
IT:  8 	Best cost:  0.0
IT:  9 	Best cost:  0.0
IT:  10 	Best cost:  0.0
IT:  11 	Best cost:  0.0
IT:  12 	Best cost:  0.0
IT:  13 	Best cost:  0.0
IT:  14 	Best cost:  0.0
IT:  15 	Best cost:  0.0
IT:  16 	Best cost:  0.0
IT:  17 	Best cost:  0.0
IT:  18 	Best cost:  0.0
IT:  19 	Best cost:  0.0
Optimización terminada por fin natural (max_iter o dead_iter interno del optimizador).
[17/45] alpha=0.5 elite=0.0 rep=1 -> acc=85%  (27s / ETA 45s)
Optimizador: EMNA
Modo de Fitness: MARGIN
Reglas totales para evaluar precisión: 20
Reglas usadas para entrenar (Fitness): 4
Iniciando optimización...
IT:  0 	Best cost:  0.18766837834088612
IT:  1 	Best cost:  0.0
IT:  2 	Best cost:  0.0
IT:  3 	Best cost:  0.0
IT:  4 	Best cost:  0.0
IT:  5 	Best cost:  0.0
IT:  6 	Best cost:  0.0
IT:  7 	Best cost:  0.0
IT:  8 	Best cost:  0.0
IT:  9 	Best cost:  0.0
IT:  10 	Best cost:  0.0
IT:  11 	Best cost:  0.0
IT:  12 	Best cost:  0.0
IT:  13 	Best cost:  0.0
IT:  14 	Best cost:  0.0
IT:  15 	Best cost:  0.0
IT:  16 	Best cost:  0.0
IT:  17 	Best cost:  0.0
IT:  18 	Best cost:  0.0
IT:  19 	Best cost:  0.0
IT:  20 	Best cost:  0.0
Optimización terminada por fin natural (max_iter o dead_iter interno del optimizador).
[18/45] alpha=0.5 elite=0.0 rep=2 -> acc=95%  (30s / ETA 44s)
Optimizador: EMNA
Modo de Fitness: MARGIN
Reglas totales para evaluar precisión: 20
Reglas usadas para entrenar (Fitness): 4
Iniciando optimización...
IT:  0 	Best cost:  0.0
IT:  1 	Best cost:  0.0
IT:  2 	Best cost:  0.0
IT:  3 	Best cost:  0.0
IT:  4 	Best cost:  0.0
IT:  5 	Best cost:  0.0
IT:  6 	Best cost:  0.0
IT:  7 	Best cost:  0.0
IT:  8 	Best cost:  0.0
IT:  9 	Best cost:  0.0
IT:  10 	Best cost:  0.0
IT:  11 	Best cost:  0.0
IT:  12 	Best cost:  0.0
IT:  13 	Best cost:  0.0
IT:  14 	Best cost:  0.0
IT:  15 	Best cost:  0.0
IT:  16 	Best cost:  0.0
IT:  17 	Best cost:  0.0
IT:  18 	Best cost:  0.0
IT:  19 	Best cost:  0.0
Optimización terminada por fin natural (max_iter o dead_iter interno del optimizador).
[19/45] alpha=0.5 elite=0.0 rep=3 -> acc=95%  (32s / ETA 43s)
Optimizador: EMNA
Modo de Fitness: MARGIN
Reglas totales para evaluar precisión: 20
Reglas usadas para entrenar (Fitness): 4
Iniciando optimización...
IT:  0 	Best cost:  0.039361713138676535
IT:  1 	Best cost:  0.0
IT:  2 	Best cost:  0.0
IT:  3 	Best cost:  0.0
IT:  4 	Best cost:  0.0
IT:  5 	Best cost:  0.0
IT:  6 	Best cost:  0.0
IT:  7 	Best cost:  0.0
IT:  8 	Best cost:  0.0
IT:  9 	Best cost:  0.0
IT:  10 	Best cost:  0.0
IT:  11 	Best cost:  0.0
IT:  12 	Best cost:  0.0
IT:  13 	Best cost:  0.0
IT:  14 	Best cost:  0.0
IT:  15 	Best cost:  0.0
IT:  16 	Best cost:  0.0
IT:  17 	Best cost:  0.0
IT:  18 	Best cost:  0.0
IT:  19 	Best cost:  0.0
IT:  20 	Best cost:  0.0
Optimización terminada por fin natural (max_iter o dead_iter interno del optimizador).
[20/45] alpha=0.5 elite=0.0 rep=4 -> acc=95%  (34s / ETA 42s)
Optimizador: EMNA
Modo de Fitness: MARGIN
Reglas totales para evaluar precisión: 20
Reglas usadas para entrenar (Fitness): 4
Iniciando optimización...
IT:  0 	Best cost:  0.0
IT:  1 	Best cost:  0.0
IT:  2 	Best cost:  0.0
IT:  3 	Best cost:  0.0
IT:  4 	Best cost:  0.0
IT:  5 	Best cost:  0.0
IT:  6 	Best cost:  0.0
IT:  7 	Best cost:  0.0

ˇPARADA ANTICIPADA! El Top 50% (>=25 individuos) alcanzó un Score <= 0.0000
[21/45] alpha=0.5 elite=0.1 rep=0 -> acc=85%  (35s / ETA 40s)
Optimizador: EMNA
Modo de Fitness: MARGIN
Reglas totales para evaluar precisión: 20
Reglas usadas para entrenar (Fitness): 4
Iniciando optimización...
IT:  0 	Best cost:  0.0
IT:  1 	Best cost:  0.0
IT:  2 	Best cost:  0.0
IT:  3 	Best cost:  0.0
IT:  4 	Best cost:  0.0
IT:  5 	Best cost:  0.0
IT:  6 	Best cost:  0.0
IT:  7 	Best cost:  0.0
IT:  8 	Best cost:  0.0
IT:  9 	Best cost:  0.0
IT:  10 	Best cost:  0.0
IT:  11 	Best cost:  0.0
IT:  12 	Best cost:  0.0

ˇPARADA ANTICIPADA! El Top 50% (>=25 individuos) alcanzó un Score <= 0.0000
[22/45] alpha=0.5 elite=0.1 rep=1 -> acc=95%  (36s / ETA 37s)
Optimizador: EMNA
Modo de Fitness: MARGIN
Reglas totales para evaluar precisión: 20
Reglas usadas para entrenar (Fitness): 4
Iniciando optimización...
IT:  0 	Best cost:  0.18766837834088612
IT:  1 	Best cost:  0.0
IT:  2 	Best cost:  0.0
IT:  3 	Best cost:  0.0
IT:  4 	Best cost:  0.0
IT:  5 	Best cost:  0.0
IT:  6 	Best cost:  0.0
IT:  7 	Best cost:  0.0
IT:  8 	Best cost:  0.0
IT:  9 	Best cost:  0.0
IT:  10 	Best cost:  0.0
IT:  11 	Best cost:  0.0
IT:  12 	Best cost:  0.0
IT:  13 	Best cost:  0.0
IT:  14 	Best cost:  0.0
IT:  15 	Best cost:  0.0
IT:  16 	Best cost:  0.0
IT:  17 	Best cost:  0.0
IT:  18 	Best cost:  0.0
IT:  19 	Best cost:  0.0
IT:  20 	Best cost:  0.0
Optimización terminada por fin natural (max_iter o dead_iter interno del optimizador).
[23/45] alpha=0.5 elite=0.1 rep=2 -> acc=80%  (37s / ETA 36s)
Optimizador: EMNA
Modo de Fitness: MARGIN
Reglas totales para evaluar precisión: 20
Reglas usadas para entrenar (Fitness): 4
Iniciando optimización...
IT:  0 	Best cost:  0.0
IT:  1 	Best cost:  0.0
IT:  2 	Best cost:  0.0
IT:  3 	Best cost:  0.0
IT:  4 	Best cost:  0.0
IT:  5 	Best cost:  0.0
IT:  6 	Best cost:  0.0
IT:  7 	Best cost:  0.0

ˇPARADA ANTICIPADA! El Top 50% (>=25 individuos) alcanzó un Score <= 0.0000
[24/45] alpha=0.5 elite=0.1 rep=3 -> acc=75%  (39s / ETA 34s)
Optimizador: EMNA
Modo de Fitness: MARGIN
Reglas totales para evaluar precisión: 20
Reglas usadas para entrenar (Fitness): 4
Iniciando optimización...
IT:  0 	Best cost:  0.039361713138676535
IT:  1 	Best cost:  0.0
IT:  2 	Best cost:  0.0
IT:  3 	Best cost:  0.0
IT:  4 	Best cost:  0.0
IT:  5 	Best cost:  0.0
IT:  6 	Best cost:  0.0
IT:  7 	Best cost:  0.0
IT:  8 	Best cost:  0.0
IT:  9 	Best cost:  0.0
IT:  10 	Best cost:  0.0
IT:  11 	Best cost:  0.0
IT:  12 	Best cost:  0.0
IT:  13 	Best cost:  0.0
IT:  14 	Best cost:  0.0
IT:  15 	Best cost:  0.0
IT:  16 	Best cost:  0.0
IT:  17 	Best cost:  0.0
IT:  18 	Best cost:  0.0
IT:  19 	Best cost:  0.0
IT:  20 	Best cost:  0.0
Optimización terminada por fin natural (max_iter o dead_iter interno del optimizador).
[25/45] alpha=0.5 elite=0.1 rep=4 -> acc=90%  (41s / ETA 33s)
Optimizador: EMNA
Modo de Fitness: MARGIN
Reglas totales para evaluar precisión: 20
Reglas usadas para entrenar (Fitness): 4
Iniciando optimización...
IT:  0 	Best cost:  0.0
IT:  1 	Best cost:  0.0
IT:  2 	Best cost:  0.0
IT:  3 	Best cost:  0.0
IT:  4 	Best cost:  0.0
IT:  5 	Best cost:  0.0

ˇPARADA ANTICIPADA! El Top 50% (>=25 individuos) alcanzó un Score <= 0.0000
[26/45] alpha=0.5 elite=0.2 rep=0 -> acc=95%  (42s / ETA 30s)
Optimizador: EMNA
Modo de Fitness: MARGIN
Reglas totales para evaluar precisión: 20
Reglas usadas para entrenar (Fitness): 4
Iniciando optimización...
IT:  0 	Best cost:  0.0
IT:  1 	Best cost:  0.0
IT:  2 	Best cost:  0.0
IT:  3 	Best cost:  0.0
IT:  4 	Best cost:  0.0
IT:  5 	Best cost:  0.0
IT:  6 	Best cost:  0.0
IT:  7 	Best cost:  0.0
IT:  8 	Best cost:  0.0
IT:  9 	Best cost:  0.0
IT:  10 	Best cost:  0.0

ˇPARADA ANTICIPADA! El Top 50% (>=25 individuos) alcanzó un Score <= 0.0000
[27/45] alpha=0.5 elite=0.2 rep=1 -> acc=85%  (43s / ETA 29s)
Optimizador: EMNA
Modo de Fitness: MARGIN
Reglas totales para evaluar precisión: 20
Reglas usadas para entrenar (Fitness): 4
Iniciando optimización...
IT:  0 	Best cost:  0.18766837834088612
IT:  1 	Best cost:  0.0
IT:  2 	Best cost:  0.0
IT:  3 	Best cost:  0.0
IT:  4 	Best cost:  0.0
IT:  5 	Best cost:  0.0
IT:  6 	Best cost:  0.0
IT:  7 	Best cost:  0.0
IT:  8 	Best cost:  0.0
IT:  9 	Best cost:  0.0
IT:  10 	Best cost:  0.0
IT:  11 	Best cost:  0.0
IT:  12 	Best cost:  0.0
IT:  13 	Best cost:  0.0
IT:  14 	Best cost:  0.0
IT:  15 	Best cost:  0.0
IT:  16 	Best cost:  0.0
IT:  17 	Best cost:  0.0
IT:  18 	Best cost:  0.0
IT:  19 	Best cost:  0.0
IT:  20 	Best cost:  0.0
Optimización terminada por fin natural (max_iter o dead_iter interno del optimizador).
[28/45] alpha=0.5 elite=0.2 rep=2 -> acc=95%  (45s / ETA 27s)
Optimizador: EMNA
Modo de Fitness: MARGIN
Reglas totales para evaluar precisión: 20
Reglas usadas para entrenar (Fitness): 4
Iniciando optimización...
IT:  0 	Best cost:  0.0
IT:  1 	Best cost:  0.0
IT:  2 	Best cost:  0.0
IT:  3 	Best cost:  0.0
IT:  4 	Best cost:  0.0
IT:  5 	Best cost:  0.0
IT:  6 	Best cost:  0.0

ˇPARADA ANTICIPADA! El Top 50% (>=25 individuos) alcanzó un Score <= 0.0000
[29/45] alpha=0.5 elite=0.2 rep=3 -> acc=95%  (46s / ETA 25s)
Optimizador: EMNA
Modo de Fitness: MARGIN
Reglas totales para evaluar precisión: 20
Reglas usadas para entrenar (Fitness): 4
Iniciando optimización...
IT:  0 	Best cost:  0.039361713138676535
IT:  1 	Best cost:  0.0
IT:  2 	Best cost:  0.0
IT:  3 	Best cost:  0.0
IT:  4 	Best cost:  0.0
IT:  5 	Best cost:  0.0
IT:  6 	Best cost:  0.0
IT:  7 	Best cost:  0.0
IT:  8 	Best cost:  0.0
IT:  9 	Best cost:  0.0
IT:  10 	Best cost:  0.0
IT:  11 	Best cost:  0.0
IT:  12 	Best cost:  0.0
IT:  13 	Best cost:  0.0

ˇPARADA ANTICIPADA! El Top 50% (>=25 individuos) alcanzó un Score <= 0.0000
[30/45] alpha=0.5 elite=0.2 rep=4 -> acc=90%  (47s / ETA 24s)
Optimizador: EMNA
Modo de Fitness: MARGIN
Reglas totales para evaluar precisión: 20
Reglas usadas para entrenar (Fitness): 4
Iniciando optimización...
IT:  0 	Best cost:  0.49134653566397013
IT:  1 	Best cost:  0.0
IT:  2 	Best cost:  0.0
IT:  3 	Best cost:  0.0
IT:  4 	Best cost:  0.0
IT:  5 	Best cost:  0.0
IT:  6 	Best cost:  0.0
IT:  7 	Best cost:  0.0
IT:  8 	Best cost:  0.0
IT:  9 	Best cost:  0.0
IT:  10 	Best cost:  0.0
IT:  11 	Best cost:  0.0
IT:  12 	Best cost:  0.0
IT:  13 	Best cost:  0.0
IT:  14 	Best cost:  0.0
IT:  15 	Best cost:  0.0
IT:  16 	Best cost:  0.0
IT:  17 	Best cost:  0.0
IT:  18 	Best cost:  0.0
IT:  19 	Best cost:  0.0
IT:  20 	Best cost:  0.0
Optimización terminada por fin natural (max_iter o dead_iter interno del optimizador).
[31/45] alpha=0.75 elite=0.0 rep=0 -> acc=95%  (49s / ETA 22s)
Optimizador: EMNA
Modo de Fitness: MARGIN
Reglas totales para evaluar precisión: 20
Reglas usadas para entrenar (Fitness): 4
Iniciando optimización...
IT:  0 	Best cost:  0.0
IT:  1 	Best cost:  0.0
IT:  2 	Best cost:  0.0
IT:  3 	Best cost:  0.0
IT:  4 	Best cost:  0.0
IT:  5 	Best cost:  0.0
IT:  6 	Best cost:  0.0
IT:  7 	Best cost:  0.0
IT:  8 	Best cost:  0.0
IT:  9 	Best cost:  0.0
IT:  10 	Best cost:  0.0
IT:  11 	Best cost:  0.0
IT:  12 	Best cost:  0.0
IT:  13 	Best cost:  0.0
IT:  14 	Best cost:  0.0
IT:  15 	Best cost:  0.0
IT:  16 	Best cost:  0.0
IT:  17 	Best cost:  0.0
IT:  18 	Best cost:  0.0
IT:  19 	Best cost:  0.0
Optimización terminada por fin natural (max_iter o dead_iter interno del optimizador).
[32/45] alpha=0.75 elite=0.0 rep=1 -> acc=85%  (52s / ETA 21s)
Optimizador: EMNA
Modo de Fitness: MARGIN
Reglas totales para evaluar precisión: 20
Reglas usadas para entrenar (Fitness): 4
Iniciando optimización...
IT:  0 	Best cost:  0.0
IT:  1 	Best cost:  0.0
IT:  2 	Best cost:  0.0
IT:  3 	Best cost:  0.0
IT:  4 	Best cost:  0.0
IT:  5 	Best cost:  0.0
IT:  6 	Best cost:  0.0
IT:  7 	Best cost:  0.0
IT:  8 	Best cost:  0.0
IT:  9 	Best cost:  0.0
IT:  10 	Best cost:  0.0
IT:  11 	Best cost:  0.0
IT:  12 	Best cost:  0.0
IT:  13 	Best cost:  0.0
IT:  14 	Best cost:  0.0
IT:  15 	Best cost:  0.0
IT:  16 	Best cost:  0.0
IT:  17 	Best cost:  0.0
IT:  18 	Best cost:  0.0
IT:  19 	Best cost:  0.0
Optimización terminada por fin natural (max_iter o dead_iter interno del optimizador).
[33/45] alpha=0.75 elite=0.0 rep=2 -> acc=100%  (53s / ETA 19s)
Optimizador: EMNA
Modo de Fitness: MARGIN
Reglas totales para evaluar precisión: 20
Reglas usadas para entrenar (Fitness): 4
Iniciando optimización...
IT:  0 	Best cost:  0.0
IT:  1 	Best cost:  0.0
IT:  2 	Best cost:  0.0
IT:  3 	Best cost:  0.0
IT:  4 	Best cost:  0.0
IT:  5 	Best cost:  0.0
IT:  6 	Best cost:  0.0
IT:  7 	Best cost:  0.0
IT:  8 	Best cost:  0.0
IT:  9 	Best cost:  0.0
IT:  10 	Best cost:  0.0
IT:  11 	Best cost:  0.0
IT:  12 	Best cost:  0.0
IT:  13 	Best cost:  0.0
IT:  14 	Best cost:  0.0
IT:  15 	Best cost:  0.0
IT:  16 	Best cost:  0.0
IT:  17 	Best cost:  0.0
IT:  18 	Best cost:  0.0
IT:  19 	Best cost:  0.0
Optimización terminada por fin natural (max_iter o dead_iter interno del optimizador).
[34/45] alpha=0.75 elite=0.0 rep=3 -> acc=75%  (56s / ETA 18s)
Optimizador: EMNA
Modo de Fitness: MARGIN
Reglas totales para evaluar precisión: 20
Reglas usadas para entrenar (Fitness): 4
Iniciando optimización...
IT:  0 	Best cost:  0.0
IT:  1 	Best cost:  0.0
IT:  2 	Best cost:  0.0
IT:  3 	Best cost:  0.0
IT:  4 	Best cost:  0.0
IT:  5 	Best cost:  0.0
IT:  6 	Best cost:  0.0
IT:  7 	Best cost:  0.0
IT:  8 	Best cost:  0.0
IT:  9 	Best cost:  0.0
IT:  10 	Best cost:  0.0
IT:  11 	Best cost:  0.0
IT:  12 	Best cost:  0.0
IT:  13 	Best cost:  0.0
IT:  14 	Best cost:  0.0
IT:  15 	Best cost:  0.0
IT:  16 	Best cost:  0.0
IT:  17 	Best cost:  0.0
IT:  18 	Best cost:  0.0
IT:  19 	Best cost:  0.0
Optimización terminada por fin natural (max_iter o dead_iter interno del optimizador).
[35/45] alpha=0.75 elite=0.0 rep=4 -> acc=85%  (57s / ETA 16s)
Optimizador: EMNA
Modo de Fitness: MARGIN
Reglas totales para evaluar precisión: 20
Reglas usadas para entrenar (Fitness): 4
Iniciando optimización...
IT:  0 	Best cost:  0.49134653566397013
IT:  1 	Best cost:  0.0
IT:  2 	Best cost:  0.0
IT:  3 	Best cost:  0.0
IT:  4 	Best cost:  0.0
IT:  5 	Best cost:  0.0
IT:  6 	Best cost:  0.0
IT:  7 	Best cost:  0.0
IT:  8 	Best cost:  0.0
IT:  9 	Best cost:  0.0
IT:  10 	Best cost:  0.0
IT:  11 	Best cost:  0.0
IT:  12 	Best cost:  0.0
IT:  13 	Best cost:  0.0
IT:  14 	Best cost:  0.0
IT:  15 	Best cost:  0.0
IT:  16 	Best cost:  0.0
IT:  17 	Best cost:  0.0
IT:  18 	Best cost:  0.0
IT:  19 	Best cost:  0.0
IT:  20 	Best cost:  0.0
Optimización terminada por fin natural (max_iter o dead_iter interno del optimizador).
[36/45] alpha=0.75 elite=0.1 rep=0 -> acc=85%  (59s / ETA 15s)
Optimizador: EMNA
Modo de Fitness: MARGIN
Reglas totales para evaluar precisión: 20
Reglas usadas para entrenar (Fitness): 4
Iniciando optimización...
IT:  0 	Best cost:  0.0
IT:  1 	Best cost:  0.0
IT:  2 	Best cost:  0.0
IT:  3 	Best cost:  0.0
IT:  4 	Best cost:  0.0
IT:  5 	Best cost:  0.0
IT:  6 	Best cost:  0.0
IT:  7 	Best cost:  0.0
IT:  8 	Best cost:  0.0
IT:  9 	Best cost:  0.0
IT:  10 	Best cost:  0.0
IT:  11 	Best cost:  0.0
IT:  12 	Best cost:  0.0
IT:  13 	Best cost:  0.0
IT:  14 	Best cost:  0.0
IT:  15 	Best cost:  0.0
IT:  16 	Best cost:  0.0
IT:  17 	Best cost:  0.0
IT:  18 	Best cost:  0.0
IT:  19 	Best cost:  0.0
Optimización terminada por fin natural (max_iter o dead_iter interno del optimizador).
[37/45] alpha=0.75 elite=0.1 rep=1 -> acc=90%  (60s / ETA 13s)
Optimizador: EMNA
Modo de Fitness: MARGIN
Reglas totales para evaluar precisión: 20
Reglas usadas para entrenar (Fitness): 4
Iniciando optimización...
IT:  0 	Best cost:  0.0
IT:  1 	Best cost:  0.0
IT:  2 	Best cost:  0.0
IT:  3 	Best cost:  0.0
IT:  4 	Best cost:  0.0
IT:  5 	Best cost:  0.0
IT:  6 	Best cost:  0.0
IT:  7 	Best cost:  0.0
IT:  8 	Best cost:  0.0
IT:  9 	Best cost:  0.0
IT:  10 	Best cost:  0.0
IT:  11 	Best cost:  0.0
IT:  12 	Best cost:  0.0
IT:  13 	Best cost:  0.0
IT:  14 	Best cost:  0.0
IT:  15 	Best cost:  0.0
IT:  16 	Best cost:  0.0
IT:  17 	Best cost:  0.0
IT:  18 	Best cost:  0.0
IT:  19 	Best cost:  0.0
Optimización terminada por fin natural (max_iter o dead_iter interno del optimizador).
[38/45] alpha=0.75 elite=0.1 rep=2 -> acc=85%  (61s / ETA 11s)
Optimizador: EMNA
Modo de Fitness: MARGIN
Reglas totales para evaluar precisión: 20
Reglas usadas para entrenar (Fitness): 4
Iniciando optimización...
IT:  0 	Best cost:  0.0
IT:  1 	Best cost:  0.0
IT:  2 	Best cost:  0.0
IT:  3 	Best cost:  0.0
IT:  4 	Best cost:  0.0
IT:  5 	Best cost:  0.0
IT:  6 	Best cost:  0.0
IT:  7 	Best cost:  0.0
IT:  8 	Best cost:  0.0
IT:  9 	Best cost:  0.0
IT:  10 	Best cost:  0.0
IT:  11 	Best cost:  0.0
IT:  12 	Best cost:  0.0
IT:  13 	Best cost:  0.0
IT:  14 	Best cost:  0.0
IT:  15 	Best cost:  0.0
IT:  16 	Best cost:  0.0
IT:  17 	Best cost:  0.0
IT:  18 	Best cost:  0.0
IT:  19 	Best cost:  0.0
Optimización terminada por fin natural (max_iter o dead_iter interno del optimizador).
[39/45] alpha=0.75 elite=0.1 rep=3 -> acc=85%  (62s / ETA 10s)
Optimizador: EMNA
Modo de Fitness: MARGIN
Reglas totales para evaluar precisión: 20
Reglas usadas para entrenar (Fitness): 4
Iniciando optimización...
IT:  0 	Best cost:  0.0
IT:  1 	Best cost:  0.0
IT:  2 	Best cost:  0.0
IT:  3 	Best cost:  0.0
IT:  4 	Best cost:  0.0
IT:  5 	Best cost:  0.0
IT:  6 	Best cost:  0.0
IT:  7 	Best cost:  0.0
IT:  8 	Best cost:  0.0
IT:  9 	Best cost:  0.0
IT:  10 	Best cost:  0.0
IT:  11 	Best cost:  0.0
IT:  12 	Best cost:  0.0
IT:  13 	Best cost:  0.0
IT:  14 	Best cost:  0.0
IT:  15 	Best cost:  0.0
IT:  16 	Best cost:  0.0
IT:  17 	Best cost:  0.0
IT:  18 	Best cost:  0.0
IT:  19 	Best cost:  0.0
Optimización terminada por fin natural (max_iter o dead_iter interno del optimizador).
[40/45] alpha=0.75 elite=0.1 rep=4 -> acc=85%  (64s / ETA 8s)
Optimizador: EMNA
Modo de Fitness: MARGIN
Reglas totales para evaluar precisión: 20
Reglas usadas para entrenar (Fitness): 4
Iniciando optimización...
IT:  0 	Best cost:  0.49134653566397013
IT:  1 	Best cost:  0.0
IT:  2 	Best cost:  0.0
IT:  3 	Best cost:  0.0
IT:  4 	Best cost:  0.0
IT:  5 	Best cost:  0.0
IT:  6 	Best cost:  0.0
IT:  7 	Best cost:  0.0

ˇPARADA ANTICIPADA! El Top 50% (>=25 individuos) alcanzó un Score <= 0.0000
[41/45] alpha=0.75 elite=0.2 rep=0 -> acc=85%  (64s / ETA 6s)
Optimizador: EMNA
Modo de Fitness: MARGIN
Reglas totales para evaluar precisión: 20
Reglas usadas para entrenar (Fitness): 4
Iniciando optimización...
IT:  0 	Best cost:  0.0
IT:  1 	Best cost:  0.0
IT:  2 	Best cost:  0.0
IT:  3 	Best cost:  0.0
IT:  4 	Best cost:  0.0
IT:  5 	Best cost:  0.0
IT:  6 	Best cost:  0.0
IT:  7 	Best cost:  0.0
IT:  8 	Best cost:  0.0
IT:  9 	Best cost:  0.0
IT:  10 	Best cost:  0.0
IT:  11 	Best cost:  0.0
IT:  12 	Best cost:  0.0
IT:  13 	Best cost:  0.0

ˇPARADA ANTICIPADA! El Top 50% (>=25 individuos) alcanzó un Score <= 0.0000
[42/45] alpha=0.75 elite=0.2 rep=1 -> acc=85%  (65s / ETA 5s)
Optimizador: EMNA
Modo de Fitness: MARGIN
Reglas totales para evaluar precisión: 20
Reglas usadas para entrenar (Fitness): 4
Iniciando optimización...
IT:  0 	Best cost:  0.0
IT:  1 	Best cost:  0.0
IT:  2 	Best cost:  0.0
IT:  3 	Best cost:  0.0
IT:  4 	Best cost:  0.0
IT:  5 	Best cost:  0.0
IT:  6 	Best cost:  0.0
IT:  7 	Best cost:  0.0
IT:  8 	Best cost:  0.0
IT:  9 	Best cost:  0.0
IT:  10 	Best cost:  0.0
IT:  11 	Best cost:  0.0
IT:  12 	Best cost:  0.0
IT:  13 	Best cost:  0.0
IT:  14 	Best cost:  0.0
IT:  15 	Best cost:  0.0
IT:  16 	Best cost:  0.0
IT:  17 	Best cost:  0.0
IT:  18 	Best cost:  0.0
IT:  19 	Best cost:  0.0
Optimización terminada por fin natural (max_iter o dead_iter interno del optimizador).
[43/45] alpha=0.75 elite=0.2 rep=2 -> acc=95%  (66s / ETA 3s)
Optimizador: EMNA
Modo de Fitness: MARGIN
Reglas totales para evaluar precisión: 20
Reglas usadas para entrenar (Fitness): 4
Iniciando optimización...
IT:  0 	Best cost:  0.0
IT:  1 	Best cost:  0.0
IT:  2 	Best cost:  0.0
IT:  3 	Best cost:  0.0
IT:  4 	Best cost:  0.0
IT:  5 	Best cost:  0.0
IT:  6 	Best cost:  0.0
IT:  7 	Best cost:  0.0
IT:  8 	Best cost:  0.0
IT:  9 	Best cost:  0.0
IT:  10 	Best cost:  0.0
IT:  11 	Best cost:  0.0
IT:  12 	Best cost:  0.0
IT:  13 	Best cost:  0.0
IT:  14 	Best cost:  0.0
IT:  15 	Best cost:  0.0
IT:  16 	Best cost:  0.0
IT:  17 	Best cost:  0.0
IT:  18 	Best cost:  0.0
IT:  19 	Best cost:  0.0
Optimización terminada por fin natural (max_iter o dead_iter interno del optimizador).
[44/45] alpha=0.75 elite=0.2 rep=3 -> acc=95%  (68s / ETA 2s)
Optimizador: EMNA
Modo de Fitness: MARGIN
Reglas totales para evaluar precisión: 20
Reglas usadas para entrenar (Fitness): 4
Iniciando optimización...
IT:  0 	Best cost:  0.0
IT:  1 	Best cost:  0.0
IT:  2 	Best cost:  0.0
IT:  3 	Best cost:  0.0
IT:  4 	Best cost:  0.0
IT:  5 	Best cost:  0.0
IT:  6 	Best cost:  0.0
IT:  7 	Best cost:  0.0
IT:  8 	Best cost:  0.0
IT:  9 	Best cost:  0.0
IT:  10 	Best cost:  0.0

ˇPARADA ANTICIPADA! El Top 50% (>=25 individuos) alcanzó un Score <= 0.0000
[45/45] alpha=0.75 elite=0.2 rep=4 -> acc=95%  (69s / ETA 0s)

Guardado raw: example\bypass2\explore_alpha_elite_emna.csv
Guardado agg: example\bypass2\grid_search_results_EMNA_alpha_elite.csv

=== best_accuracy por (alpha, elite_factor) ===
                    mean   std    max
alpha elite_factor                   
0.25  0.0           93.0  2.74   95.0
      0.1           94.0  5.48  100.0
      0.2           89.0  6.52  100.0
0.50  0.0           91.0  5.48   95.0
      0.1           85.0  7.91   95.0
      0.2           92.0  4.47   95.0
0.75  0.0           88.0  9.75  100.0
      0.1           86.0  2.24   90.0
      0.2           91.0  5.48   95.0

=== stop_generation por (alpha, elite_factor) ===
                    mean   std
alpha elite_factor            
0.25  0.0           21.0  3.00
      0.1           17.8  6.38
      0.2           17.8  6.38
0.50  0.0           22.4  0.55
      0.1           16.2  6.53
      0.2           13.8  6.06
0.75  0.0           22.2  0.45
      0.1           22.2  0.45
      0.2           16.6  5.37
