C:\Users\sergi\AppData\Local\Programs\Python\Python313\Lib\site-packages\pgmpy\estimators\__init__.py:4: FutureWarning: `pgmpy.estimators.StructureScore` is deprecated and will be removed in a future release. Use `pgmpy.structure_score` instead.
  from .StructureScore import (

======================================================================
  UMDA  | sg=50 | rules pct=[5, 10, 15, 20]
======================================================================
  Ya hechas: 0 / 4

[1/4] umda | pct=5 | n_rules=3
Optimizador: UMDA
Modo de Fitness: REGRET
Reglas totales para evaluar precisión: 67
Reglas usadas para entrenar (Fitness): 3
Iniciando optimización...

ĄPARADA ANTICIPADA! El Top 50% (>=25 individuos) alcanzó un Score <= 0.0000
    rep 1/5: gen=2 acc=76.1%
Optimizador: UMDA
Modo de Fitness: REGRET
Reglas totales para evaluar precisión: 67
Reglas usadas para entrenar (Fitness): 3
Iniciando optimización...

ĄPARADA ANTICIPADA! El Top 50% (>=25 individuos) alcanzó un Score <= 0.0000
    rep 2/5: gen=2 acc=82.1%
Optimizador: UMDA
Modo de Fitness: REGRET
Reglas totales para evaluar precisión: 67
Reglas usadas para entrenar (Fitness): 3
Iniciando optimización...
IT:  0 	Best cost:  0.0
IT:  1 	Best cost:  0.0
IT:  2 	Best cost:  0.0
IT:  3 	Best cost:  0.0
IT:  4 	Best cost:  0.0
IT:  5 	Best cost:  0.0
IT:  6 	Best cost:  0.0
IT:  7 	Best cost:  0.0

ĄPARADA ANTICIPADA! El Top 50% (>=25 individuos) alcanzó un Score <= 0.0000
    rep 3/5: gen=10 acc=80.6%
Optimizador: UMDA
Modo de Fitness: REGRET
Reglas totales para evaluar precisión: 67
Reglas usadas para entrenar (Fitness): 3
Iniciando optimización...
IT:  0 	Best cost:  0.0
IT:  1 	Best cost:  0.0
IT:  2 	Best cost:  0.0
IT:  3 	Best cost:  0.0
IT:  4 	Best cost:  0.0
IT:  5 	Best cost:  0.0
IT:  6 	Best cost:  0.0

ĄPARADA ANTICIPADA! El Top 50% (>=25 individuos) alcanzó un Score <= 0.0000
    rep 4/5: gen=9 acc=86.6%
Optimizador: UMDA
Modo de Fitness: REGRET
Reglas totales para evaluar precisión: 67
Reglas usadas para entrenar (Fitness): 3
Iniciando optimización...
IT:  0 	Best cost:  0.0
IT:  1 	Best cost:  0.0
IT:  2 	Best cost:  0.0

ĄPARADA ANTICIPADA! El Top 50% (>=25 individuos) alcanzó un Score <= 0.0000
    rep 5/5: gen=5 acc=82.1%
    OK (9.9min acumulado en umda)

[2/4] umda | pct=10 | n_rules=7
Optimizador: UMDA
Modo de Fitness: REGRET
Reglas totales para evaluar precisión: 67
Reglas usadas para entrenar (Fitness): 7
Iniciando optimización...
IT:  0 	Best cost:  0.0
IT:  1 	Best cost:  0.0
IT:  2 	Best cost:  0.0
IT:  3 	Best cost:  0.0
IT:  4 	Best cost:  0.0
IT:  5 	Best cost:  0.0
IT:  6 	Best cost:  0.0
IT:  7 	Best cost:  0.0
IT:  8 	Best cost:  0.0

ĄPARADA ANTICIPADA! El Top 50% (>=25 individuos) alcanzó un Score <= 0.0000
    rep 1/5: gen=11 acc=79.1%
Optimizador: UMDA
Modo de Fitness: REGRET
Reglas totales para evaluar precisión: 67
Reglas usadas para entrenar (Fitness): 7
Iniciando optimización...
IT:  0 	Best cost:  0.0
IT:  1 	Best cost:  0.0
IT:  2 	Best cost:  0.0
IT:  3 	Best cost:  0.0
IT:  4 	Best cost:  0.0
IT:  5 	Best cost:  0.0

ĄPARADA ANTICIPADA! El Top 50% (>=25 individuos) alcanzó un Score <= 0.0000
    rep 2/5: gen=8 acc=82.1%
Optimizador: UMDA
Modo de Fitness: REGRET
Reglas totales para evaluar precisión: 67
Reglas usadas para entrenar (Fitness): 7
Iniciando optimización...
IT:  0 	Best cost:  0.02225661210134433
IT:  1 	Best cost:  0.0
IT:  2 	Best cost:  0.0
IT:  3 	Best cost:  0.0
IT:  4 	Best cost:  0.0
IT:  5 	Best cost:  0.0
IT:  6 	Best cost:  0.0
IT:  7 	Best cost:  0.0
IT:  8 	Best cost:  0.0
IT:  9 	Best cost:  0.0
IT:  10 	Best cost:  0.0

ĄPARADA ANTICIPADA! El Top 50% (>=25 individuos) alcanzó un Score <= 0.0000
    rep 3/5: gen=13 acc=82.1%
Optimizador: UMDA
Modo de Fitness: REGRET
Reglas totales para evaluar precisión: 67
Reglas usadas para entrenar (Fitness): 7
Iniciando optimización...
IT:  0 	Best cost:  0.0
IT:  1 	Best cost:  0.0
IT:  2 	Best cost:  0.0
IT:  3 	Best cost:  0.0
IT:  4 	Best cost:  0.0
IT:  5 	Best cost:  0.0
IT:  6 	Best cost:  0.0

ĄPARADA ANTICIPADA! El Top 50% (>=25 individuos) alcanzó un Score <= 0.0000
    rep 4/5: gen=9 acc=82.1%
Optimizador: UMDA
Modo de Fitness: REGRET
Reglas totales para evaluar precisión: 67
Reglas usadas para entrenar (Fitness): 7
Iniciando optimización...
IT:  0 	Best cost:  0.0
IT:  1 	Best cost:  0.0
IT:  2 	Best cost:  0.0
IT:  3 	Best cost:  0.0
IT:  4 	Best cost:  0.0
IT:  5 	Best cost:  0.0
IT:  6 	Best cost:  0.0

ĄPARADA ANTICIPADA! El Top 50% (>=25 individuos) alcanzó un Score <= 0.0000
    rep 5/5: gen=9 acc=83.6%
    OK (25.0min acumulado en umda)

[3/4] umda | pct=15 | n_rules=10
Optimizador: UMDA
Modo de Fitness: REGRET
Reglas totales para evaluar precisión: 67
Reglas usadas para entrenar (Fitness): 10
Iniciando optimización...
IT:  0 	Best cost:  0.0
IT:  1 	Best cost:  0.0
IT:  2 	Best cost:  0.0
IT:  3 	Best cost:  0.0
IT:  4 	Best cost:  0.0
IT:  5 	Best cost:  0.0
IT:  6 	Best cost:  0.0
IT:  7 	Best cost:  0.0
IT:  8 	Best cost:  0.0

ĄPARADA ANTICIPADA! El Top 50% (>=25 individuos) alcanzó un Score <= 0.0000
    rep 1/5: gen=11 acc=80.6%
Optimizador: UMDA
Modo de Fitness: REGRET
Reglas totales para evaluar precisión: 67
Reglas usadas para entrenar (Fitness): 10
Iniciando optimización...
IT:  0 	Best cost:  0.0016289523733661326
IT:  1 	Best cost:  0.0016289523733661326
IT:  2 	Best cost:  0.0014814742669209124
IT:  3 	Best cost:  0.0014814742669209124
IT:  4 	Best cost:  0.0012963768366205386
IT:  5 	Best cost:  0.0012963768366205386
IT:  6 	Best cost:  0.0003155151473883677
IT:  7 	Best cost:  1.753605129017899e-05
IT:  8 	Best cost:  0.0
IT:  9 	Best cost:  0.0
IT:  10 	Best cost:  0.0
IT:  11 	Best cost:  0.0
IT:  12 	Best cost:  0.0
IT:  13 	Best cost:  0.0
IT:  14 	Best cost:  0.0
IT:  15 	Best cost:  0.0
IT:  16 	Best cost:  0.0
IT:  17 	Best cost:  0.0
IT:  18 	Best cost:  0.0
IT:  19 	Best cost:  0.0
IT:  20 	Best cost:  0.0
IT:  21 	Best cost:  0.0
IT:  22 	Best cost:  0.0
IT:  23 	Best cost:  0.0
IT:  24 	Best cost:  0.0
IT:  25 	Best cost:  0.0
IT:  26 	Best cost:  0.0
IT:  27 	Best cost:  0.0
Optimización terminada por fin natural (max_iter o dead_iter interno del optimizador).
    rep 2/5: gen=30 acc=80.6%
Optimizador: UMDA
Modo de Fitness: REGRET
Reglas totales para evaluar precisión: 67
Reglas usadas para entrenar (Fitness): 10
Iniciando optimización...
IT:  0 	Best cost:  0.019490886060227197
IT:  1 	Best cost:  0.0063581587568464215
IT:  2 	Best cost:  0.0
IT:  3 	Best cost:  0.0
IT:  4 	Best cost:  0.0
IT:  5 	Best cost:  0.0
IT:  6 	Best cost:  0.0
IT:  7 	Best cost:  0.0
IT:  8 	Best cost:  0.0
IT:  9 	Best cost:  0.0

ĄPARADA ANTICIPADA! El Top 50% (>=25 individuos) alcanzó un Score <= 0.0000
    rep 3/5: gen=12 acc=80.6%
Optimizador: UMDA
Modo de Fitness: REGRET
Reglas totales para evaluar precisión: 67
Reglas usadas para entrenar (Fitness): 10
Iniciando optimización...
IT:  0 	Best cost:  0.0
IT:  1 	Best cost:  0.0
IT:  2 	Best cost:  0.0
IT:  3 	Best cost:  0.0
IT:  4 	Best cost:  0.0
IT:  5 	Best cost:  0.0
IT:  6 	Best cost:  0.0
IT:  7 	Best cost:  0.0
IT:  8 	Best cost:  0.0

ĄPARADA ANTICIPADA! El Top 50% (>=25 individuos) alcanzó un Score <= 0.0000
    rep 4/5: gen=11 acc=85.1%
Optimizador: UMDA
Modo de Fitness: REGRET
Reglas totales para evaluar precisión: 67
Reglas usadas para entrenar (Fitness): 10
Iniciando optimización...
IT:  0 	Best cost:  0.0
IT:  1 	Best cost:  0.0
IT:  2 	Best cost:  0.0
IT:  3 	Best cost:  0.0
IT:  4 	Best cost:  0.0
IT:  5 	Best cost:  0.0
IT:  6 	Best cost:  0.0
IT:  7 	Best cost:  0.0
IT:  8 	Best cost:  0.0
IT:  9 	Best cost:  0.0

ĄPARADA ANTICIPADA! El Top 50% (>=25 individuos) alcanzó un Score <= 0.0000
    rep 5/5: gen=12 acc=85.1%
    OK (45.8min acumulado en umda)

[4/4] umda | pct=20 | n_rules=13
Optimizador: UMDA
Modo de Fitness: REGRET
Reglas totales para evaluar precisión: 67
Reglas usadas para entrenar (Fitness): 13
Iniciando optimización...
IT:  0 	Best cost:  0.0
IT:  1 	Best cost:  0.0
IT:  2 	Best cost:  0.0
IT:  3 	Best cost:  0.0
IT:  4 	Best cost:  0.0
IT:  5 	Best cost:  0.0
IT:  6 	Best cost:  0.0
IT:  7 	Best cost:  0.0
IT:  8 	Best cost:  0.0

ĄPARADA ANTICIPADA! El Top 50% (>=25 individuos) alcanzó un Score <= 0.0000